(Generated: on. 20. des. 10:42:23 +0100 2017)
2017/12/20 10:42:23 Ignoring settings file, got error while parsing: open /home/dietmarw/.config/impact/impactrc: no such file or directory
Fetching repositories for modelica
  Fetching page 1, 10 entries
  Fetching page 2, 8 entries
  Fetching page 3, 0 entries
Processing: ElectricalEnergyStorage (https://github.com/modelica/ElectricalEnergyStorage, fork=false)
2017/12/20 10:42:25 No source for ElectricalEnergyStorage
Processing: ExternalMedia (https://github.com/modelica/ExternalMedia, fork=false)
2017/12/20 10:42:25 No source for ExternalMedia
2017/12/20 10:42:26 Processing tag v3.2.1
  3.2.1: Recording
2017/12/20 10:42:26   Reviewing contents of modelica/ExternalMedia
    No Modelica libraries found in repository ExternalMedia:3.2.1
Processing: fmi-crosscheck (https://github.com/modelica/fmi-crosscheck, fork=false)
2017/12/20 10:42:28 No source for fmi-crosscheck
Processing: fmi-data (https://github.com/modelica/fmi-data, fork=false)
2017/12/20 10:42:29 No source for fmi-data
Processing: fmi-standard.org (https://github.com/modelica/fmi-standard.org, fork=false)
2017/12/20 10:42:30 No source for fmi-standard.org
Processing: fmi-widgets (https://github.com/modelica/fmi-widgets, fork=false)
2017/12/20 10:42:30 No source for fmi-widgets
Processing: fmi-xc-scripts (https://github.com/modelica/fmi-xc-scripts, fork=false)
2017/12/20 10:42:31 No source for fmi-xc-scripts
Processing: fmixc-qtronic (https://github.com/modelica/fmixc-qtronic, fork=false)
2017/12/20 10:42:32 No source for fmixc-qtronic
Processing: Modelica (https://github.com/modelica/Modelica, fork=false)
2017/12/20 10:42:33 No source for Modelica
2017/12/20 10:42:33 Processing tag v3.2.2
  3.2.2: Recording
2017/12/20 10:42:34   Reviewing contents of modelica/Modelica
2017/12/20 10:42:38 Error extracting uses annotation: Error while parsing uses annotation of ModelicaReference/package.mo in github repository Modelica: Unable to find version for library Modelica
    Processing library Complex @ Complex.mo
    Processing library Modelica @ Modelica
    Processing library Modelica @ ModelicaReference
    Processing library ModelicaServices @ ModelicaServices
    Processing library ModelicaTest @ ModelicaTest
    Processing library ModelicaTestOverdetermined @ ModelicaTestOverdetermined.mo
    Processing library ObsoleteModelica3 @ ObsoleteModelica3.mo
2017/12/20 10:42:40 Processing tag v3.2.1+build.4
  3.2.1+build.4: Recording
2017/12/20 10:42:40   Reviewing contents of modelica/Modelica
2017/12/20 10:42:44 Error extracting uses annotation: Error while parsing uses annotation of ModelicaReference/package.mo in github repository Modelica: Unable to find version for library Modelica
    Processing library Complex @ Complex.mo
    Processing library Modelica @ Modelica
    Processing library Modelica @ ModelicaReference
    Processing library ModelicaServices @ ModelicaServices
    Processing library ModelicaTest @ ModelicaTest
    Processing library ObsoleteModelica3 @ ObsoleteModelica3.mo
2017/12/20 10:42:46 Processing tag v3.2.1+build.3
  3.2.1+build.3: Recording
2017/12/20 10:42:46   Reviewing contents of modelica/Modelica
2017/12/20 10:42:51 Error extracting uses annotation: Error while parsing uses annotation of ModelicaReference/package.mo in github repository Modelica: Unable to find version for library Modelica
    Processing library Complex @ Complex.mo
    Processing library Modelica @ Modelica
    Processing library Modelica @ ModelicaReference
    Processing library ModelicaServices @ ModelicaServices
    Processing library ModelicaTest @ ModelicaTest
    Processing library ObsoleteModelica3 @ ObsoleteModelica3.mo
2017/12/20 10:42:52 Processing tag v3.2.1+build.2
  3.2.1+build.2: Recording
2017/12/20 10:42:53   Reviewing contents of modelica/Modelica
2017/12/20 10:42:56 Error extracting uses annotation: Error while parsing uses annotation of ModelicaReference/package.mo in github repository Modelica: Unable to find version for library Modelica
    Processing library Complex @ Complex.mo
    Processing library Modelica @ Modelica
    Processing library Modelica @ ModelicaReference
    Processing library ModelicaServices @ ModelicaServices
    Processing library ModelicaTest @ ModelicaTest
    Processing library ObsoleteModelica3 @ ObsoleteModelica3.mo
2017/12/20 10:42:58 Processing tag v3.2
  3.2: Recording
2017/12/20 10:42:58   Reviewing contents of modelica/Modelica
2017/12/20 10:43:02 Error extracting uses annotation: Error while parsing uses annotation of ModelicaReference/package.mo in github repository Modelica: Unable to find version for library Modelica
    Processing library Complex @ Complex.mo
    Processing library Modelica @ Modelica
    Processing library Modelica @ ModelicaReference
    Processing library ModelicaTest @ ModelicaTest
    Processing library ObsoleteModelica3 @ ObsoleteModelica3.mo
2017/12/20 10:43:04 Processing tag v3.1
  3.1: Recording
2017/12/20 10:43:04   Reviewing contents of modelica/Modelica
2017/12/20 10:43:07 Error extracting uses annotation: Error while parsing uses annotation of ModelicaReference/package.mo in github repository Modelica: Unable to find version for library Modelica
    Processing library Modelica @ Modelica
    Processing library Modelica @ ModelicaReference
    Processing library ModelicaServices @ ModelicaServices
    Processing library ObsoleteModelica3 @ ObsoleteModelica3.mo
2017/12/20 10:43:08 Processing tag v3.0.1
  3.0.1: Recording
2017/12/20 10:43:09   Reviewing contents of modelica/Modelica
2017/12/20 10:43:11 Error extracting uses annotation: Error while parsing uses annotation of ModelicaReference/package.mo in github repository Modelica: Unable to find version for library Modelica
    Processing library Modelica @ Modelica
    Processing library Modelica @ ModelicaReference
    Processing library ObsoleteModelica3 @ ObsoleteModelica3.mo
2017/12/20 10:43:12 Processing tag v3.0
  3.0: Recording
2017/12/20 10:43:12   Reviewing contents of modelica/Modelica
2017/12/20 10:43:14 Error extracting uses annotation: Error while parsing uses annotation of ModelicaReference/package.mo in github repository Modelica: Unable to find version for library Modelica
    Processing library Modelica @ Modelica
    Processing library Modelica @ ModelicaReference
    Processing library ObsoleteModelica3 @ ObsoleteModelica3.mo
2017/12/20 10:43:15 Processing tag v2.2.2
  2.2.2: Recording
2017/12/20 10:43:15   Reviewing contents of modelica/Modelica
    Processing library Modelica @ Modelica
2017/12/20 10:43:17 Processing tag v2.2.1
  2.2.1: Recording
2017/12/20 10:43:17   Reviewing contents of modelica/Modelica
2017/12/20 10:43:17   Repository is a library
    Processing library Modelica @ .
2017/12/20 10:43:18 Processing tag v2.2
  2.2: Recording
2017/12/20 10:43:18   Reviewing contents of modelica/Modelica
2017/12/20 10:43:19   Repository is a library
    Processing library Modelica @ .
2017/12/20 10:43:19 Processing tag v2.1
  2.1: Recording
2017/12/20 10:43:20   Reviewing contents of modelica/Modelica
2017/12/20 10:43:20   Repository is a library
    Processing library Modelica @ .
2017/12/20 10:43:20 Processing tag v1.6
  1.6: Recording
2017/12/20 10:43:21   Reviewing contents of modelica/Modelica
2017/12/20 10:43:21   Repository is a library
    Processing library Modelica @ .
2017/12/20 10:43:21 Processing tag v1.5
  1.5: Recording
2017/12/20 10:43:22   Reviewing contents of modelica/Modelica
2017/12/20 10:43:22   Repository is a library
    Processing library Modelica @ .
2017/12/20 10:43:23 Processing tag v1.3.1
  1.3.1: Recording
2017/12/20 10:43:23   Reviewing contents of modelica/Modelica
2017/12/20 10:43:23   Repository is a library
    Processing library Modelica @ .
Processing: Modelica-Compliance (https://github.com/modelica/Modelica-Compliance, fork=false)
2017/12/20 10:43:25 No source for Modelica-Compliance
Processing: Modelica_DeviceDrivers (https://github.com/modelica/Modelica_DeviceDrivers, fork=false)
2017/12/20 10:43:25 No source for Modelica_DeviceDrivers
2017/12/20 10:43:26 Processing tag v1.5.1
  1.5.1: Recording
2017/12/20 10:43:26   Reviewing contents of modelica/Modelica_DeviceDrivers
    Processing library Modelica_DeviceDrivers @ Modelica_DeviceDrivers
2017/12/20 10:43:27 Processing tag v1.5.0
  1.5.0: Recording
2017/12/20 10:43:28   Reviewing contents of modelica/Modelica_DeviceDrivers
    Processing library Modelica_DeviceDrivers @ Modelica_DeviceDrivers
2017/12/20 10:43:29 Processing tag v1.4.4
  1.4.4: Recording
2017/12/20 10:43:30   Reviewing contents of modelica/Modelica_DeviceDrivers
    Processing library Modelica_DeviceDrivers @ Modelica_DeviceDrivers
2017/12/20 10:43:31 Processing tag v1.4.3
  1.4.3: Recording
2017/12/20 10:43:32   Reviewing contents of modelica/Modelica_DeviceDrivers
    Processing library Modelica_DeviceDrivers @ Modelica_DeviceDrivers
2017/12/20 10:43:33 Processing tag v1.4.2
  1.4.2: Recording
2017/12/20 10:43:33   Reviewing contents of modelica/Modelica_DeviceDrivers
    Processing library Modelica_DeviceDrivers @ Modelica_DeviceDrivers
2017/12/20 10:43:35 Processing tag v1.4.1
  1.4.1: Recording
2017/12/20 10:43:35   Reviewing contents of modelica/Modelica_DeviceDrivers
    Processing library Modelica_DeviceDrivers @ Modelica_DeviceDrivers
2017/12/20 10:43:36 Processing tag v1.4.0
  1.4.0: Recording
2017/12/20 10:43:37   Reviewing contents of modelica/Modelica_DeviceDrivers
    Processing library Modelica_DeviceDrivers @ Modelica_DeviceDrivers
2017/12/20 10:43:38 Processing tag v1.3+build.2
  1.3+build.2: Recording
2017/12/20 10:43:38   Reviewing contents of modelica/Modelica_DeviceDrivers
    Processing library Modelica_DeviceDrivers @ Modelica_DeviceDrivers 1.3
2017/12/20 10:43:40 Processing tag v1.3+build.1
  1.3+build.1: Recording
2017/12/20 10:43:40   Reviewing contents of modelica/Modelica_DeviceDrivers
    Processing library Modelica_DeviceDrivers @ Modelica_DeviceDrivers 1.3
2017/12/20 10:43:41 Processing tag v1.2+build.1
  1.2+build.1: Recording
2017/12/20 10:43:42   Reviewing contents of modelica/Modelica_DeviceDrivers
    Processing library Modelica_DeviceDrivers @ Modelica_DeviceDrivers 1.2
2017/12/20 10:43:43 Processing tag v1.1
  1.1: Recording
2017/12/20 10:43:44   Reviewing contents of modelica/Modelica_DeviceDrivers
    Processing library Modelica_DeviceDrivers @ Modelica_DeviceDrivers 1.1
2017/12/20 10:43:45 Processing tag v1.1build4
  1.1build4: Ignoring
2017/12/20 10:43:45 Processing tag v1.1build3
  1.1build3: Ignoring
2017/12/20 10:43:45 Processing tag v1.1build2
  1.1build2: Ignoring
2017/12/20 10:43:45 Processing tag v1.0
  1.0: Recording
2017/12/20 10:43:45   Reviewing contents of modelica/Modelica_DeviceDrivers
    Processing library Modelica_DeviceDrivers @ Modelica_DeviceDrivers 1.0
Processing: Modelica_LinearSystems2 (https://github.com/modelica/Modelica_LinearSystems2, fork=false)
2017/12/20 10:43:47 No source for Modelica_LinearSystems2
2017/12/20 10:43:48 Processing tag v2.3.4
  2.3.4: Recording
2017/12/20 10:43:48   Reviewing contents of modelica/Modelica_LinearSystems2
2017/12/20 10:43:48   Repository is a library
    Processing library Modelica_LinearSystems2 @ .
2017/12/20 10:43:49 Processing tag v2.3.3
  2.3.3: Recording
2017/12/20 10:43:49   Reviewing contents of modelica/Modelica_LinearSystems2
2017/12/20 10:43:50   Repository is a library
    Processing library Modelica_LinearSystems2 @ .
2017/12/20 10:43:50 Processing tag v2.3.2
  2.3.2: Recording
2017/12/20 10:43:51   Reviewing contents of modelica/Modelica_LinearSystems2
2017/12/20 10:43:51   Repository is a library
    Processing library Modelica_LinearSystems2 @ .
2017/12/20 10:43:51 Processing tag v2.3.1
  2.3.1: Recording
2017/12/20 10:43:52   Reviewing contents of modelica/Modelica_LinearSystems2
2017/12/20 10:43:52   Repository is a library
    Processing library Modelica_LinearSystems2 @ .
2017/12/20 10:43:53 Processing tag v2.3
  2.3: Recording
2017/12/20 10:43:53   Reviewing contents of modelica/Modelica_LinearSystems2
2017/12/20 10:43:53   Repository is a library
    Processing library Modelica_LinearSystems2 @ .
2017/12/20 10:43:54 Processing tag v2.2
  2.2: Recording
2017/12/20 10:43:54   Reviewing contents of modelica/Modelica_LinearSystems2
2017/12/20 10:43:55   Repository is a library
    Processing library Modelica_LinearSystems2 @ .
2017/12/20 10:43:55 Processing tag v2.1
  2.1: Recording
2017/12/20 10:43:56   Reviewing contents of modelica/Modelica_LinearSystems2
2017/12/20 10:43:56   Repository is a library
    Processing library Modelica_LinearSystems2 @ .
2017/12/20 10:43:56 Processing tag v2.0
  2.0: Recording
2017/12/20 10:43:57   Reviewing contents of modelica/Modelica_LinearSystems2
2017/12/20 10:43:57   Repository is a library
    Processing library Modelica_LinearSystems2 @ .
Processing: Modelica_Requirements (https://github.com/modelica/Modelica_Requirements, fork=false)
2017/12/20 10:43:58 No source for Modelica_Requirements
Processing: Modelica_StateGraph2 (https://github.com/modelica/Modelica_StateGraph2, fork=false)
2017/12/20 10:43:59 No source for Modelica_StateGraph2
2017/12/20 10:43:59 Processing tag v2.0.2
  2.0.2: Recording
2017/12/20 10:44:00   Reviewing contents of modelica/Modelica_StateGraph2
    Processing library Modelica_StateGraph2 @ Modelica_StateGraph2 2.0.2
2017/12/20 10:44:01 Processing tag v2.0.1
  2.0.1: Recording
2017/12/20 10:44:02   Reviewing contents of modelica/Modelica_StateGraph2
    Processing library Modelica_StateGraph2 @ Modelica_StateGraph2 2.0.1
2017/12/20 10:44:03 Processing tag v2.0
  2.0: Recording
2017/12/20 10:44:04   Reviewing contents of modelica/Modelica_StateGraph2
    Processing library Modelica_StateGraph2 @ Modelica_StateGraph2 2.0
Processing: Modelica_Synchronous (https://github.com/modelica/Modelica_Synchronous, fork=false)
2017/12/20 10:44:06 No source for Modelica_Synchronous
2017/12/20 10:44:06 Processing tag v0.92.1
  0.92.1: Recording
2017/12/20 10:44:07   Reviewing contents of modelica/Modelica_Synchronous
2017/12/20 10:44:07   Repository is a library
    Processing library Modelica_Synchronous @ .
2017/12/20 10:44:08 Processing tag v0.92
  0.92: Recording
2017/12/20 10:44:08   Reviewing contents of modelica/Modelica_Synchronous
2017/12/20 10:44:08   Repository is a library
    Processing library Modelica_Synchronous @ .
2017/12/20 10:44:09 Processing tag v0.91
  0.91: Recording
2017/12/20 10:44:09   Reviewing contents of modelica/Modelica_Synchronous
2017/12/20 10:44:10   Repository is a library
    Processing library Modelica_Synchronous @ .
2017/12/20 10:44:10 Processing tag v0.9
  0.9: Recording
2017/12/20 10:44:11   Reviewing contents of modelica/Modelica_Synchronous
2017/12/20 10:44:11   Repository is a library
    Processing library Modelica_Synchronous @ .
Processing: PowerSystems (https://github.com/modelica/PowerSystems, fork=false)
2017/12/20 10:44:12 No source for PowerSystems
2017/12/20 10:44:12 Processing tag v0.6.0
  0.6.0: Recording
2017/12/20 10:44:13   Reviewing contents of modelica/PowerSystems
    Processing library PowerSystems @ PowerSystems 0.6.0
2017/12/20 10:44:14 Processing tag v0.5.0
  0.5.0: Recording
2017/12/20 10:44:15   Reviewing contents of modelica/PowerSystems
    Processing library PowerSystems @ PowerSystems 0.5.0
2017/12/20 10:44:16 Processing tag v0.4.0
  0.4.0: Recording
2017/12/20 10:44:17   Reviewing contents of modelica/PowerSystems
    Processing library PowerSystems @ PowerSystems 0.4.0
2017/12/20 10:44:18 Processing tag v0.3
  0.3: Recording
2017/12/20 10:44:19   Reviewing contents of modelica/PowerSystems
    Processing library PowerSystems @ PowerSystems 0.3
2017/12/20 10:44:20 Processing tag v0.2
  0.2: Recording
2017/12/20 10:44:21   Reviewing contents of modelica/PowerSystems
    Processing library PowerSystems @ PowerSystems 0.2
Processing: ssp-standard.org (https://github.com/modelica/ssp-standard.org, fork=false)
2017/12/20 10:44:22 No source for ssp-standard.org
Processing: VehicleInterfaces (https://github.com/modelica/VehicleInterfaces, fork=false)
2017/12/20 10:44:23 No source for VehicleInterfaces
2017/12/20 10:44:24 Processing tag v1.2.4
  1.2.4: Recording
2017/12/20 10:44:24   Reviewing contents of modelica/VehicleInterfaces
    Processing library VehicleInterfaces @ VehicleInterfaces
2017/12/20 10:44:26 Processing tag v1.2.3
  1.2.3: Recording
2017/12/20 10:44:26   Reviewing contents of modelica/VehicleInterfaces
    Processing library VehicleInterfaces @ VehicleInterfaces
2017/12/20 10:44:27 Processing tag v1.2.2
  1.2.2: Recording
2017/12/20 10:44:28   Reviewing contents of modelica/VehicleInterfaces
    Processing library VehicleInterfaces @ VehicleInterfaces 1.2.2
2017/12/20 10:44:29 Processing tag v1.2.1
  1.2.1: Recording
2017/12/20 10:44:30   Reviewing contents of modelica/VehicleInterfaces
    Processing library VehicleInterfaces @ VehicleInterfaces 1.2.1
Fetching repositories for modelica-3rdparty
  Fetching page 1, 10 entries
  Fetching page 2, 10 entries
  Fetching page 3, 10 entries
  Fetching page 4, 10 entries
  Fetching page 5, 10 entries
  Fetching page 6, 10 entries
  Fetching page 7, 10 entries
  Fetching page 8, 10 entries
  Fetching page 9, 10 entries
  Fetching page 10, 3 entries
  Fetching page 11, 0 entries
Processing: ADGenKinetics (https://github.com/modelica-3rdparty/ADGenKinetics, fork=true)
2017/12/20 10:44:38 Source for ADGenKinetics exists
2017/12/20 10:44:38 Processing tag v1.0+r23
  1.0+r23: Recording
2017/12/20 10:44:39   Reviewing contents of AtiyahElsheikh/ADGenKinetics
    Processing library ADGenKinetics @ ADGenKinetics.mo
Processing: ADMSL (https://github.com/modelica-3rdparty/ADMSL, fork=true)
2017/12/20 10:44:40 Source for ADMSL exists
Processing: AdvancedNoise (https://github.com/modelica-3rdparty/AdvancedNoise, fork=true)
2017/12/20 10:44:41 Source for AdvancedNoise exists
2017/12/20 10:44:41 Processing tag v1.0.0
  1.0.0: Recording
2017/12/20 10:44:42   Reviewing contents of DLR-SR/AdvancedNoise
    Processing library AdvancedNoise @ AdvancedNoise 1.0.0
2017/12/20 10:44:43 Processing tag v0.9.1
  0.9.1: Recording
2017/12/20 10:44:44   Reviewing contents of DLR-SR/AdvancedNoise
2017/12/20 10:44:46 Error extracting uses annotation: Error while parsing uses annotation of AdvancedNoise 0.9.1/package.mo in github repository AdvancedNoise: Unable to normalize version for Modelica_Noise: Unable to normalize version string '1.0Beta.1'
    Processing library AdvancedNoise @ AdvancedNoise 0.9.1
    Processing library Modelica_Noise @ Modelica_Noise 1.0 Beta.1
2017/12/20 10:44:47 Processing tag v0.9.0
  0.9.0: Recording
2017/12/20 10:44:47   Reviewing contents of DLR-SR/AdvancedNoise
2017/12/20 10:44:48 Error extracting uses annotation: Error while parsing uses annotation of AdvancedNoise 0.9.0/package.mo in github repository AdvancedNoise: Unable to normalize version for Modelica_Noise: Unable to normalize version string '1.0Beta.1'
    Processing library AdvancedNoise @ AdvancedNoise 0.9.0
Processing: AixLib (https://github.com/modelica-3rdparty/AixLib, fork=true)
2017/12/20 10:44:49 Source for AixLib exists
2017/12/20 10:44:49 Processing tag v0.5.2
  0.5.2: Recording
2017/12/20 10:44:50   Reviewing contents of RWTH-EBC/AixLib
    Processing library AixLib @ AixLib
2017/12/20 10:44:52 Processing tag v0.4.0
  0.4.0: Recording
2017/12/20 10:44:52   Reviewing contents of RWTH-EBC/AixLib
    Processing library AixLib @ AixLib
2017/12/20 10:44:54 Processing tag v0.3.2
  0.3.2: Recording
2017/12/20 10:44:54   Reviewing contents of RWTH-EBC/AixLib
    Processing library AixLib @ AixLib
2017/12/20 10:44:56 Processing tag v0.3.1
  0.3.1: Recording
2017/12/20 10:44:56   Reviewing contents of RWTH-EBC/AixLib
    Processing library AixLib @ AixLib
2017/12/20 10:44:57 Processing tag v0.3.0
  0.3.0: Recording
2017/12/20 10:44:58   Reviewing contents of RWTH-EBC/AixLib
    Processing library AixLib @ AixLib
2017/12/20 10:44:59 Processing tag v0.2.5
  0.2.5: Recording
2017/12/20 10:45:00   Reviewing contents of RWTH-EBC/AixLib
    Processing library AixLib @ AixLib
2017/12/20 10:45:01 Processing tag v0.2.4
  0.2.4: Recording
2017/12/20 10:45:02   Reviewing contents of RWTH-EBC/AixLib
    Processing library AixLib @ AixLib
2017/12/20 10:45:04 Processing tag v0.2.3
  0.2.3: Recording
2017/12/20 10:45:05   Reviewing contents of RWTH-EBC/AixLib
    Processing library AixLib @ AixLib
2017/12/20 10:45:06 Processing tag v0.2.2
  0.2.2: Recording
2017/12/20 10:45:07   Reviewing contents of RWTH-EBC/AixLib
    Processing library AixLib @ AixLib
2017/12/20 10:45:08 Processing tag v0.2.1
  0.2.1: Recording
2017/12/20 10:45:09   Reviewing contents of RWTH-EBC/AixLib
    Processing library AixLib @ AixLib
2017/12/20 10:45:10 Processing tag v0.2.0
  0.2.0: Recording
2017/12/20 10:45:11   Reviewing contents of RWTH-EBC/AixLib
    Processing library AixLib @ AixLib
2017/12/20 10:45:12 Processing tag v0.1.0
  0.1.0: Recording
2017/12/20 10:45:12   Reviewing contents of RWTH-EBC/AixLib
    Processing library AixLib @ AixLib
Processing: ATplus (https://github.com/modelica-3rdparty/ATplus, fork=false)
2017/12/20 10:45:14 No source for ATplus
2017/12/20 10:45:15 Processing tag v2.1
  2.1: Recording
2017/12/20 10:45:15   Reviewing contents of modelica-3rdparty/ATplus
    Processing library ATplus @ ATplus 2.1
Processing: BioChem (https://github.com/modelica-3rdparty/BioChem, fork=true)
2017/12/20 10:45:18 Source for BioChem exists
2017/12/20 10:45:19 Processing tag v1.0.1
  1.0.1: Recording
2017/12/20 10:45:19   Reviewing contents of OpenModelica/BioChem
    Processing library BioChem @ BioChem 1.0.1
2017/12/20 10:45:20 Processing tag v1.0
  1.0: Recording
2017/12/20 10:45:21   Reviewing contents of OpenModelica/BioChem
    Processing library BioChem @ BioChem 1.0
Processing: BondGraph (https://github.com/modelica-3rdparty/BondGraph, fork=false)
2017/12/20 10:45:23 No source for BondGraph
2017/12/20 10:45:23 Processing tag v1.1.0
  1.1.0: Recording
2017/12/20 10:45:24   Reviewing contents of modelica-3rdparty/BondGraph
    Processing library BondGraph @ BondGraph.mo
2017/12/20 10:45:25 Processing tag v1.0.0
  1.0.0: Recording
2017/12/20 10:45:26   Reviewing contents of modelica-3rdparty/BondGraph
    Processing library BondGraph @ BondGraph.mo
Processing: BondLib (https://github.com/modelica-3rdparty/BondLib, fork=false)
2017/12/20 10:45:27 No source for BondLib
2017/12/20 10:45:28 Processing tag v2.3
  2.3: Recording
2017/12/20 10:45:28   Reviewing contents of modelica-3rdparty/BondLib
    Processing library BondLib @ BondLib 2.3
Processing: BrineProp (https://github.com/modelica-3rdparty/BrineProp, fork=true)
2017/12/20 10:45:31 Source for BrineProp exists
2017/12/20 10:45:32 Processing tag v0.5.5
  0.5.5: Recording
2017/12/20 10:45:32   Reviewing contents of Heineken/BrineProp
    Processing library BrineProp @ BrineProp
2017/12/20 10:45:34 Processing tag v0.5.4
  0.5.4: Recording
2017/12/20 10:45:35   Reviewing contents of Heineken/BrineProp
    Processing library BrineProp @ BrineProp
2017/12/20 10:45:37 Processing tag v0.5.3
  0.5.3: Recording
2017/12/20 10:45:37   Reviewing contents of Heineken/BrineProp
    Processing library BrineProp @ BrineProp
2017/12/20 10:45:39 Processing tag v0.5.2
  0.5.2: Recording
2017/12/20 10:45:40   Reviewing contents of Heineken/BrineProp
    Processing library BrineProp @ BrineProp
2017/12/20 10:45:42 Processing tag v0.5.0
  0.5.0: Recording
2017/12/20 10:45:42   Reviewing contents of Heineken/BrineProp
    Processing library BrineProp @ BrineProp
2017/12/20 10:45:44 Processing tag v0.4.7
  0.4.7: Recording
2017/12/20 10:45:45   Reviewing contents of Heineken/BrineProp
    Processing library BrineProp @ BrineProp
2017/12/20 10:45:47 Processing tag v0.4.6
  0.4.6: Recording
2017/12/20 10:45:47   Reviewing contents of Heineken/BrineProp
    Processing library BrineProp @ BrineProp
2017/12/20 10:45:49 Processing tag v0.4.5
  0.4.5: Recording
2017/12/20 10:45:50   Reviewing contents of Heineken/BrineProp
    Processing library BrineProp @ BrineProp
2017/12/20 10:45:52 Processing tag v0.4.4
  0.4.4: Recording
2017/12/20 10:45:52   Reviewing contents of Heineken/BrineProp
    Processing library BrineProp @ BrineProp
2017/12/20 10:45:54 Processing tag v0.4.3
  0.4.3: Recording
2017/12/20 10:45:54   Reviewing contents of Heineken/BrineProp
    Processing library BrineProp @ BrineProp
2017/12/20 10:45:56 Processing tag v0.4.2
  0.4.2: Recording
2017/12/20 10:45:58   Reviewing contents of Heineken/BrineProp
    Processing library BrineProp @ BrineProp
2017/12/20 10:46:00 Processing tag v0.4.1
  0.4.1: Recording
2017/12/20 10:46:01   Reviewing contents of Heineken/BrineProp
    Processing library BrineProp @ BrineProp
2017/12/20 10:46:03 Processing tag v0.4.0
  0.4.0: Recording
2017/12/20 10:46:03   Reviewing contents of Heineken/BrineProp
    Processing library BrineProp @ BrineProp
2017/12/20 10:46:06 Processing tag v0.3.1
  0.3.1: Recording
2017/12/20 10:46:06   Reviewing contents of Heineken/BrineProp
    Processing library BrineProp @ BrineProp
2017/12/20 10:46:09 Processing tag v0.3.0
  0.3.0: Recording
2017/12/20 10:46:09   Reviewing contents of Heineken/BrineProp
    Processing library BrineProp @ BrineProp
2017/12/20 10:46:12 Processing tag v0.1.9
Processing: BuildingControlLib (https://github.com/modelica-3rdparty/BuildingControlLib, fork=true)
2017/12/20 10:46:12 Source for BuildingControlLib exists
2017/12/20 10:46:13 Processing tag v0.1.1
  0.1.1: Recording
2017/12/20 10:46:13   Reviewing contents of TechnicalBuildingSystems/BuildingControlLib
    Processing library BuildingControlLib @ BuildingControlLib
2017/12/20 10:46:15 Processing tag v0.1.0
  0.1.0: Recording
2017/12/20 10:46:15   Reviewing contents of TechnicalBuildingSystems/BuildingControlLib
    Processing library BuildingControlLib @ BuildingControlLib
Processing: Buildings (https://github.com/modelica-3rdparty/Buildings, fork=true)
2017/12/20 10:46:17 Source for modelica-buildings exists
2017/12/20 10:46:17 Processing tag v5.0.1
  5.0.1: Recording
2017/12/20 10:46:18   Reviewing contents of lbl-srg/modelica-buildings
    Processing library Buildings @ Buildings
2017/12/20 10:46:21 Processing tag v5.0.0
  5.0.0: Recording
2017/12/20 10:46:21   Reviewing contents of lbl-srg/modelica-buildings
    Processing library Buildings @ Buildings
2017/12/20 10:46:23 Processing tag v4.0.0
  4.0.0: Recording
2017/12/20 10:46:24   Reviewing contents of lbl-srg/modelica-buildings
    Processing library Buildings @ Buildings
2017/12/20 10:46:26 Processing tag v3.0.0
  3.0.0: Recording
2017/12/20 10:46:26   Reviewing contents of lbl-srg/modelica-buildings
    Processing library Buildings @ Buildings
2017/12/20 10:46:28 Processing tag v2.1.0
  2.1.0: Recording
2017/12/20 10:46:29   Reviewing contents of lbl-srg/modelica-buildings
    Processing library Buildings @ Buildings 2.1.0
2017/12/20 10:46:30 Processing tag v2.0.0
  2.0.0: Recording
2017/12/20 10:46:31   Reviewing contents of lbl-srg/modelica-buildings
    Processing library Buildings @ Buildings 2.0.0
2017/12/20 10:46:32 Processing tag v2.0.0-rc.1
  2.0.0-rc.1: Recording
2017/12/20 10:46:33   Reviewing contents of lbl-srg/modelica-buildings
    Processing library Buildings @ Buildings 2.0.0
2017/12/20 10:46:34 Processing tag v1.6+build.1
  1.6+build.1: Recording
2017/12/20 10:46:35   Reviewing contents of lbl-srg/modelica-buildings
    Processing library Buildings @ Buildings 1.6
2017/12/20 10:46:36 Processing tag v1.5+build.3
  1.5+build.3: Recording
2017/12/20 10:46:37   Reviewing contents of lbl-srg/modelica-buildings
    Processing library Buildings @ Buildings 1.5
2017/12/20 10:46:38 Processing tag v1.5+build.2
  1.5+build.2: Recording
2017/12/20 10:46:39   Reviewing contents of lbl-srg/modelica-buildings
    Processing library Buildings @ Buildings 1.5
2017/12/20 10:46:40 Processing tag v1.5+build.1
  1.5+build.1: Recording
2017/12/20 10:46:41   Reviewing contents of lbl-srg/modelica-buildings
    Processing library Buildings @ Buildings 1.5
2017/12/20 10:46:42 Processing tag v1.4_build1
  1.4_build1: Ignoring
Processing: BuildingSystems (https://github.com/modelica-3rdparty/BuildingSystems, fork=true)
2017/12/20 10:46:43 Source for BuildingSystems exists
2017/12/20 10:46:43 Processing tag v2.0.0-beta2
  2.0.0-beta2: Recording
2017/12/20 10:46:44   Reviewing contents of UdK-VPT/BuildingSystems
    Processing library BuildingSystems @ BuildingSystems
2017/12/20 10:46:45 Processing tag v2.0.0-beta
  2.0.0-beta: Recording
2017/12/20 10:46:46   Reviewing contents of UdK-VPT/BuildingSystems
    Processing library BuildingSystems @ BuildingSystems
Processing: buildsyspro (https://github.com/modelica-3rdparty/buildsyspro, fork=true)
2017/12/20 10:46:48 Source for BuildSysPro exists
2017/12/20 10:46:48 Processing tag v2015.12b
  2015.12b: Ignoring
2017/12/20 10:46:48 Processing tag v2015.12a
  2015.12a: Ignoring
2017/12/20 10:46:48 Processing tag v3.0.0
  3.0.0: Recording
2017/12/20 10:46:49   Reviewing contents of edf-enerbat/BuildSysPro
    Processing library BuildSysPro @ BuildSysPro
2017/12/20 10:46:50 Processing tag v2.1.0
  2.1.0: Recording
2017/12/20 10:46:51   Reviewing contents of edf-enerbat/BuildSysPro
    Processing library BuildSysPro @ BuildSysPro
2017/12/20 10:46:52 Processing tag v2.0.0
  2.0.0: Recording
2017/12/20 10:46:53   Reviewing contents of edf-enerbat/BuildSysPro
    Processing library BuildSysPro @ BuildSysPro
Processing: Chemical (https://github.com/modelica-3rdparty/Chemical, fork=true)
2017/12/20 10:46:55 Source for Chemical exists
2017/12/20 10:46:55 Processing tag v1.1.0
  1.1.0: Recording
2017/12/20 10:46:56   Reviewing contents of MarekMatejak/Chemical
    Processing library Chemical @ Chemical
2017/12/20 10:46:57 Processing tag v1.1.0-gamma
  1.1.0-gamma: Recording
2017/12/20 10:46:58   Reviewing contents of MarekMatejak/Chemical
    Processing library Chemical @ Chemical
2017/12/20 10:46:59 Processing tag v1.1.0-beta
  1.1.0-beta: Recording
2017/12/20 10:47:00   Reviewing contents of MarekMatejak/Chemical
    Processing library Chemical @ Chemical 1.1.0
2017/12/20 10:47:01 Processing tag v1.1.0-alpha
  1.1.0-alpha: Recording
2017/12/20 10:47:02   Reviewing contents of MarekMatejak/Chemical
    Processing library Chemical @ Chemical
2017/12/20 10:47:03 Processing tag v1.0.0
  1.0.0: Recording
2017/12/20 10:47:04   Reviewing contents of MarekMatejak/Chemical
    Processing library Chemical @ Chemical 1.0.0
Processing: ComplexLib (https://github.com/modelica-3rdparty/ComplexLib, fork=false)
2017/12/20 10:47:06 No source for ComplexLib
2017/12/20 10:47:07 Processing tag v1.0
  1.0: Recording
2017/12/20 10:47:07   Reviewing contents of modelica-3rdparty/ComplexLib
    Processing library ComplexLib @ ComplexLib.mo
Processing: DESLib (https://github.com/modelica-3rdparty/DESLib, fork=false)
2017/12/20 10:47:09 No source for DESLib
2017/12/20 10:47:09 Processing tag v1.6.1
  1.6.1: Recording
2017/12/20 10:47:10   Reviewing contents of modelica-3rdparty/DESLib
2017/12/20 10:47:12 Error extracting uses annotation: Error while parsing uses annotation of DESLib 1.6.1/package.mo in github repository DESLib: Unable to normalize version for DESLib: Unable to normalize version string '1'
    Processing library DESLib @ DESLib 1.6.1
Processing: DriveControl (https://github.com/modelica-3rdparty/DriveControl, fork=true)
2017/12/20 10:47:12 Source for DriveControl exists
Processing: ElectroMechanicalDrives (https://github.com/modelica-3rdparty/ElectroMechanicalDrives, fork=true)
2017/12/20 10:47:13 Source for ElectroMechanicalDrives exists
2017/12/20 10:47:13 Processing tag v1.3.1
  1.3.1: Recording
2017/12/20 10:47:14   Reviewing contents of christiankral/ElectroMechanicalDrives
    Processing library ElectroMechanicalDrives @ ElectroMechanicalDrives
2017/12/20 10:47:15 Processing tag v1.2.0
  1.2.0: Recording
2017/12/20 10:47:16   Reviewing contents of christiankral/ElectroMechanicalDrives
    Processing library ElectroMechanicalDrives @ ElectroMechanicalDrives
2017/12/20 10:47:17 Processing tag v1.1.0
  1.1.0: Recording
2017/12/20 10:47:18   Reviewing contents of christiankral/ElectroMechanicalDrives
    Processing library ElectroMechanicalDrives @ ElectroMechanicalDrives
2017/12/20 10:47:19 Processing tag v1.0.0
  1.0.0: Recording
2017/12/20 10:47:20   Reviewing contents of christiankral/ElectroMechanicalDrives
    Processing library ElectroMechanicalDrives @ ElectroMechanicalDrives
2017/12/20 10:47:21 Processing tag v0.14.0
  0.14.0: Recording
2017/12/20 10:47:22   Reviewing contents of christiankral/ElectroMechanicalDrives
    Processing library ElectroMechanicalDrives @ ElectroMechanicalDrives
2017/12/20 10:47:23 Processing tag v0.13.0
  0.13.0: Recording
2017/12/20 10:47:24   Reviewing contents of christiankral/ElectroMechanicalDrives
    Processing library ElectroMechanicalDrives @ ElectroMechanicalDrives
2017/12/20 10:47:25 Processing tag v0.12.0
  0.12.0: Recording
2017/12/20 10:47:25   Reviewing contents of christiankral/ElectroMechanicalDrives
    Processing library ElectroMechanicalDrives @ ElectroMechanicalDrives
Processing: EMOTH (https://github.com/modelica-3rdparty/EMOTH, fork=true)
2017/12/20 10:47:27 Source for EMOTH exists
Processing: ExtendedPetriNets (https://github.com/modelica-3rdparty/ExtendedPetriNets, fork=false)
2017/12/20 10:47:28 No source for ExtendedPetriNets
2017/12/20 10:47:28 Processing tag v1.0
  1.0: Recording
2017/12/20 10:47:29   Reviewing contents of modelica-3rdparty/ExtendedPetriNets
    Processing library ExtendedPetriNets @ ExtendedPetriNets 1.0
Processing: ExternalMemoryLib (https://github.com/modelica-3rdparty/ExternalMemoryLib, fork=true)
2017/12/20 10:47:31 Source for ExternalMemoryLib exists
Processing: ExternData (https://github.com/modelica-3rdparty/ExternData, fork=true)
2017/12/20 10:47:32 Source for ExternData exists
2017/12/20 10:47:32 Processing tag v2.3.2
  2.3.2: Recording
2017/12/20 10:47:33   Reviewing contents of tbeu/ExternData
    Processing library ExternData @ ExternData
2017/12/20 10:47:34 Processing tag v2.3.1
  2.3.1: Recording
2017/12/20 10:47:35   Reviewing contents of tbeu/ExternData
    Processing library ExternData @ ExternData
2017/12/20 10:47:36 Processing tag v2.3.0
  2.3.0: Recording
2017/12/20 10:47:36   Reviewing contents of tbeu/ExternData
    Processing library ExternData @ ExternData
2017/12/20 10:47:38 Processing tag v2.2.0
  2.2.0: Recording
2017/12/20 10:47:39   Reviewing contents of tbeu/ExternData
    Processing library ExternData @ ExternData
2017/12/20 10:47:40 Processing tag v2.1.0
  2.1.0: Recording
2017/12/20 10:47:41   Reviewing contents of tbeu/ExternData
    Processing library ExternData @ ExternData
2017/12/20 10:47:42 Processing tag v2.0.0
  2.0.0: Recording
2017/12/20 10:47:43   Reviewing contents of tbeu/ExternData
    Processing library ExternData @ ExternData
2017/12/20 10:47:44 Processing tag v1.1.0
  1.1.0: Recording
2017/12/20 10:47:44   Reviewing contents of tbeu/ExternData
    Processing library ExternData @ ExternData
2017/12/20 10:47:46 Processing tag v1.0.4
  1.0.4: Recording
2017/12/20 10:47:46   Reviewing contents of tbeu/ExternData
    Processing library ExternData @ ExternData
2017/12/20 10:47:48 Processing tag v1.0.3
  1.0.3: Recording
2017/12/20 10:47:48   Reviewing contents of tbeu/ExternData
    Processing library ExternData @ ExternData
2017/12/20 10:47:50 Processing tag v1.0.2
  1.0.2: Recording
2017/12/20 10:47:50   Reviewing contents of tbeu/ExternData
    Processing library ExternData @ ExternData
2017/12/20 10:47:51 Processing tag v1.0.1
  1.0.1: Recording
2017/12/20 10:47:52   Reviewing contents of tbeu/ExternData
    Processing library ExternData @ ExternData
2017/12/20 10:47:53 Processing tag v1.0.0
  1.0.0: Recording
2017/12/20 10:47:54   Reviewing contents of tbeu/ExternData
    Processing library ExternData @ ExternData
Processing: FailureModes (https://github.com/modelica-3rdparty/FailureModes, fork=true)
2017/12/20 10:47:56 Source for FailureModes exists
2017/12/20 10:47:56 Processing tag v1.2.1
  1.2.1: Recording
2017/12/20 10:47:57   Reviewing contents of casella/FailureModes
    Processing library FailureModes @ FailureModes
2017/12/20 10:47:58 Processing tag v1.2.0
  1.2.0: Recording
2017/12/20 10:47:59   Reviewing contents of casella/FailureModes
    Processing library FailureModes @ FailureModes
2017/12/20 10:48:00 Processing tag v1.1.0
  1.1.0: Recording
2017/12/20 10:48:01   Reviewing contents of casella/FailureModes
    Processing library FailureModes @ FailureModes
Processing: FastBuildings (https://github.com/modelica-3rdparty/FastBuildings, fork=true)
2017/12/20 10:48:03 Source for FastBuildings exists
2017/12/20 10:48:03 Processing tag master
  master: Ignoring
Processing: FaultTriggering (https://github.com/modelica-3rdparty/FaultTriggering, fork=true)
2017/12/20 10:48:04 Source for FaultTriggering exists
2017/12/20 10:48:04 Processing tag v0.6.6
  0.6.6: Recording
2017/12/20 10:48:05   Reviewing contents of DLR-SR/FaultTriggering
    Processing library FaultTriggering @ FaultTriggering
2017/12/20 10:48:06 Processing tag v0.6.5
  0.6.5: Recording
2017/12/20 10:48:07   Reviewing contents of DLR-SR/FaultTriggering
    Processing library FaultTriggering @ FaultTriggering
2017/12/20 10:48:08 Processing tag v0.6.4
  0.6.4: Recording
2017/12/20 10:48:09   Reviewing contents of DLR-SR/FaultTriggering
    Processing library FaultTriggering @ FaultTriggering 0.5.0
2017/12/20 10:48:10 Processing tag v0.6.3
  0.6.3: Recording
2017/12/20 10:48:11   Reviewing contents of DLR-SR/FaultTriggering
    Processing library FaultTriggering @ FaultTriggering
2017/12/20 10:48:12 Processing tag v0.6.2
  0.6.2: Recording
2017/12/20 10:48:13   Reviewing contents of DLR-SR/FaultTriggering
    Processing library FaultTriggering @ FaultTriggering
2017/12/20 10:48:14 Processing tag v0.5.0
  0.5.0: Recording
2017/12/20 10:48:15   Reviewing contents of DLR-SR/FaultTriggering
    Processing library FaultTriggering @ FaultTriggering 0.5.0
Processing: FCSys (https://github.com/modelica-3rdparty/FCSys, fork=true)
2017/12/20 10:48:17 Source for FCSys exists
2017/12/20 10:48:17 Processing tag v0.2.6
  0.2.6: Recording
2017/12/20 10:48:18   Reviewing contents of kdavies4/FCSys
    Processing library FCSys @ FCSys 0.2.6
    Processing library FCSysTest @ FCSysTest
2017/12/20 10:48:21 Processing tag v0.2.5
  0.2.5: Recording
2017/12/20 10:48:21   Reviewing contents of kdavies4/FCSys
    Processing library FCSys @ FCSys 0.2.5
    Processing library FCSysTest @ FCSysTest
2017/12/20 10:48:24 Processing tag v0.2.4
  0.2.4: Recording
2017/12/20 10:48:24   Reviewing contents of kdavies4/FCSys
    Processing library FCSys @ FCSys 0.2.4
    Processing library FCSysTest @ FCSysTest
2017/12/20 10:48:27 Processing tag v0.2.3
  0.2.3: Recording
2017/12/20 10:48:27   Reviewing contents of kdavies4/FCSys
    Processing library FCSys @ FCSys 0.2
    Processing library FCSysTest @ FCSysTest
2017/12/20 10:48:30 Processing tag v0.2.2
  0.2.2: Recording
2017/12/20 10:48:31   Reviewing contents of kdavies4/FCSys
    Processing library FCSys @ FCSys 0.2
    Processing library FCSysTest @ FCSysTest
2017/12/20 10:48:33 Processing tag v0.2.1
  0.2.1: Recording
2017/12/20 10:48:34   Reviewing contents of kdavies4/FCSys
    Processing library FCSys @ FCSys 0.2
    Processing library FCSysTest @ FCSysTest
2017/12/20 10:48:36 Processing tag v0.2.0
  0.2.0: Recording
2017/12/20 10:48:37   Reviewing contents of kdavies4/FCSys
    Processing library FCSys @ FCSys 0.2
    Processing library FCSysTest @ FCSysTest
2017/12/20 10:48:39 Processing tag v0.1.2
  0.1.2: Recording
2017/12/20 10:48:40   Reviewing contents of kdavies4/FCSys
    Processing library FCSys @ FCSys 0.1
    Processing library FCSysTest @ FCSysTest
2017/12/20 10:48:42 Processing tag v0.1.1
  0.1.1: Recording
2017/12/20 10:48:43   Reviewing contents of kdavies4/FCSys
    Processing library FCSys @ FCSys 0.1
    Processing library FCSysTest @ FCSysTest
2017/12/20 10:48:46 Processing tag v0.1.0
  0.1.0: Recording
2017/12/20 10:48:46   Reviewing contents of kdavies4/FCSys
    Processing library FCSys @ FCSys 0.1
    Processing library FCSysTest @ FCSysTest
2017/12/20 10:48:49 Processing tag show
  show: Ignoring
2017/12/20 10:48:49 Processing tag diss
  diss: Ignoring
Processing: FeedDriveLibrary (https://github.com/modelica-3rdparty/FeedDriveLibrary, fork=true)
2017/12/20 10:48:50 Source for FeedDriveLibrary exists
2017/12/20 10:48:50 Processing tag 1.0.1
  1.0.1: Recording
2017/12/20 10:48:51   Reviewing contents of denistwo/FeedDriveLibrary
    Processing library FeedDriveLibrary @ FeedDriveLibrary.mo
2017/12/20 10:48:52 Processing tag 1.0.0
  1.0.0: Recording
2017/12/20 10:48:53   Reviewing contents of denistwo/FeedDriveLibrary
    Processing library FeedDriveLibrary @ FeedDriveLibrary.mo
Processing: FuelCellLib (https://github.com/modelica-3rdparty/FuelCellLib, fork=false)
2017/12/20 10:48:54 No source for FuelCellLib
2017/12/20 10:48:55 Processing tag v1.0
  1.0: Recording
2017/12/20 10:48:55   Reviewing contents of modelica-3rdparty/FuelCellLib
    Processing library FuelCellLib @ FuelCellLib 1.0
Processing: FuzzyControl (https://github.com/modelica-3rdparty/FuzzyControl, fork=false)
2017/12/20 10:48:57 No source for FuzzyControl
2017/12/20 10:48:58 Processing tag v1.0
  1.0: Recording
2017/12/20 10:48:58   Reviewing contents of modelica-3rdparty/FuzzyControl
    Processing library FuzzyControl @ FuzzyControl
Processing: HanserModelica (https://github.com/modelica-3rdparty/HanserModelica, fork=true)
2017/12/20 10:49:00 Source for HanserModelica exists
Processing: HelmholtzMedia (https://github.com/modelica-3rdparty/HelmholtzMedia, fork=true)
2017/12/20 10:49:01 Source for HelmholtzMedia exists
2017/12/20 10:49:02 Processing tag v0.9.8
  0.9.8: Recording
2017/12/20 10:49:02   Reviewing contents of thorade/HelmholtzMedia
    Processing library HelmholtzMedia @ HelmholtzMedia
2017/12/20 10:49:04 Processing tag v0.9.7
  0.9.7: Recording
2017/12/20 10:49:05   Reviewing contents of thorade/HelmholtzMedia
    Processing library HelmholtzMedia @ HelmholtzMedia
2017/12/20 10:49:07 Processing tag v0.9.6
  0.9.6: Recording
2017/12/20 10:49:08   Reviewing contents of thorade/HelmholtzMedia
    Processing library HelmholtzMedia @ HelmholtzMedia
2017/12/20 10:49:09 Processing tag v0.9.5
  0.9.5: Recording
2017/12/20 10:49:10   Reviewing contents of thorade/HelmholtzMedia
    Processing library HelmholtzMedia @ HelmholtzMedia
2017/12/20 10:49:12 Processing tag v0.9.4
  0.9.4: Recording
2017/12/20 10:49:12   Reviewing contents of thorade/HelmholtzMedia
    Processing library HelmholtzMedia @ HelmholtzMedia
2017/12/20 10:49:14 Processing tag v0.9.3
  0.9.3: Recording
2017/12/20 10:49:15   Reviewing contents of thorade/HelmholtzMedia
    Processing library HelmholtzMedia @ HelmholtzMedia
2017/12/20 10:49:17 Processing tag v0.9.2
  0.9.2: Recording
2017/12/20 10:49:17   Reviewing contents of thorade/HelmholtzMedia
    Processing library HelmholtzMedia @ HelmholtzMedia
2017/12/20 10:49:19 Processing tag v0.9.1
  0.9.1: Recording
2017/12/20 10:49:19   Reviewing contents of thorade/HelmholtzMedia
2017/12/20 10:49:19   Repository is a library
    Processing library HelmholtzMedia @ .
2017/12/20 10:49:20 Processing tag v0.9.0
  0.9.0: Recording
2017/12/20 10:49:21   Reviewing contents of thorade/HelmholtzMedia
2017/12/20 10:49:21   Repository is a library
    Processing library HelmholtzMedia @ .
2017/12/20 10:49:21 Processing tag v0.8.4
  0.8.4: Recording
2017/12/20 10:49:22   Reviewing contents of thorade/HelmholtzMedia
2017/12/20 10:49:22   Repository is a library
    Processing library HelmholtzMedia @ .
2017/12/20 10:49:23 Processing tag v0.8.3_Helium_beta
  0.8.3_Helium_beta: Ignoring
2017/12/20 10:49:23 Processing tag v0.8.2
  0.8.2: Recording
2017/12/20 10:49:23   Reviewing contents of thorade/HelmholtzMedia
2017/12/20 10:49:24   Repository is a library
    Processing library HelmholtzMedia @ .
2017/12/20 10:49:24 Processing tag v0.8.1
  0.8.1: Recording
2017/12/20 10:49:25   Reviewing contents of thorade/HelmholtzMedia
2017/12/20 10:49:25   Repository is a library
    Processing library HelmholtzMedia @ .
2017/12/20 10:49:26 Processing tag v0.8
  0.8: Recording
2017/12/20 10:49:26   Reviewing contents of thorade/HelmholtzMedia
2017/12/20 10:49:26   Repository is a library
    Processing library HelmholtzMedia @ .
2017/12/20 10:49:27 Processing tag v0.7.1
  0.7.1: Recording
2017/12/20 10:49:27   Reviewing contents of thorade/HelmholtzMedia
2017/12/20 10:49:28   Repository is a library
    Processing library HelmholtzMedia @ .
2017/12/20 10:49:28 Processing tag v0.7
  0.7: Recording
2017/12/20 10:49:29   Reviewing contents of thorade/HelmholtzMedia
2017/12/20 10:49:29   Repository is a library
    Processing library HelmholtzMedia @ .
2017/12/20 10:49:30 Processing tag v0.6.1
  0.6.1: Recording
2017/12/20 10:49:30   Reviewing contents of thorade/HelmholtzMedia
2017/12/20 10:49:30   Repository is a library
    Processing library HelmholtzMedia @ .
2017/12/20 10:49:31 Processing tag v0.6
  0.6: Recording
2017/12/20 10:49:32   Reviewing contents of thorade/HelmholtzMedia
2017/12/20 10:49:32   Repository is a library
    Processing library HelmholtzMedia @ .
2017/12/20 10:49:32 Processing tag v0.5
  0.5: Recording
2017/12/20 10:49:33   Reviewing contents of thorade/HelmholtzMedia
2017/12/20 10:49:33   Repository is a library
    Processing library HelmholtzMedia @ .
2017/12/20 10:49:34 Processing tag v0.4
  0.4: Recording
2017/12/20 10:49:34   Reviewing contents of thorade/HelmholtzMedia
2017/12/20 10:49:34   Repository is a library
    Processing library HelmholtzMedia @ .
2017/12/20 10:49:35 Processing tag v0.3
  0.3: Recording
2017/12/20 10:49:36   Reviewing contents of thorade/HelmholtzMedia
2017/12/20 10:49:36   Repository is a library
    Processing library HelmholtzFluids @ .
2017/12/20 10:49:37 Processing tag v0.2
  0.2: Recording
2017/12/20 10:49:37   Reviewing contents of thorade/HelmholtzMedia
2017/12/20 10:49:37   Repository is a library
    Processing library HelmholtzFluids @ .
2017/12/20 10:49:38 Processing tag v0.1
  0.1: Recording
2017/12/20 10:49:38   Reviewing contents of thorade/HelmholtzMedia
2017/12/20 10:49:39   Repository is a library
    Processing library HelmholtzFluids @ .
Processing: Icons (https://github.com/modelica-3rdparty/Icons, fork=true)
2017/12/20 10:49:40 Source for Icons exists
Processing: IdealizedContact (https://github.com/modelica-3rdparty/IdealizedContact, fork=true)
2017/12/20 10:49:41 Source for IdealizedContact exists
2017/12/20 10:49:41 Processing tag v0.2.0
  0.2.0: Recording
2017/12/20 10:49:42   Reviewing contents of oestersoetebier/IdealizedContact
    Processing library IdealizedContact @ IdealizedContact 0.1.0
    Processing library IdealizedContact @ IdealizedContact 0.2.0
2017/12/20 10:49:45 Processing tag v0.1.0
  0.1.0: Recording
2017/12/20 10:49:46   Reviewing contents of oestersoetebier/IdealizedContact
    Processing library IdealizedContact @ IdealizedContact 0.1.0
Processing: IDEAS (https://github.com/modelica-3rdparty/IDEAS, fork=true)
2017/12/20 10:49:48 Source for IDEAS exists
2017/12/20 10:49:48 Processing tag v1.0.0
  1.0.0: Recording
2017/12/20 10:49:49   Reviewing contents of open-ideas/IDEAS
    Processing library IDEAS @ IDEAS
2017/12/20 10:49:51 Processing tag v0.3.0
  0.3.0: Recording
2017/12/20 10:49:51   Reviewing contents of open-ideas/IDEAS
    Processing library IDEAS @ IDEAS
2017/12/20 10:49:54 Processing tag _LinearisationPaper
  _LinearisationPaper: Ignoring
Processing: IndustrialControlSystems (https://github.com/modelica-3rdparty/IndustrialControlSystems, fork=true)
2017/12/20 10:49:54 Source for IndustrialControlSystems exists
2017/12/20 10:49:55 Processing tag v1.0
  1.0: Recording
2017/12/20 10:49:55   Reviewing contents of mbonvini/IndustrialControlSystems
    Processing library IndustrialControlSystems @ IndustrialControlSystems 1.0
Processing: ipsl (https://github.com/modelica-3rdparty/ipsl, fork=false)
2017/12/20 10:49:57 No source for ipsl
2017/12/20 10:49:58 Processing tag v1.1.1
  1.1.1: Recording
2017/12/20 10:49:58   Reviewing contents of modelica-3rdparty/ipsl
    Processing library iPSL @ iPSL
2017/12/20 10:50:00 Processing tag v1.1.0
  1.1.0: Recording
2017/12/20 10:50:01   Reviewing contents of modelica-3rdparty/ipsl
    Processing library iPSL @ iPSL
2017/12/20 10:50:06 Processing tag v1.0.0
  1.0.0: Recording
2017/12/20 10:50:07   Reviewing contents of modelica-3rdparty/ipsl
    Processing library iPSL @ iPSL
2017/12/20 10:50:11 Processing tag v0.8.1
  0.8.1: Recording
2017/12/20 10:50:12   Reviewing contents of modelica-3rdparty/ipsl
    Processing library iPSL @ iPSL
2017/12/20 10:50:14 Processing tag v0.8.0
  0.8.0: Recording
2017/12/20 10:50:15   Reviewing contents of modelica-3rdparty/ipsl
    Processing library iPSL @ iPSL
2017/12/20 10:50:16 Processing tag v0.8
  0.8: Recording
2017/12/20 10:50:17   Reviewing contents of modelica-3rdparty/ipsl
    Processing library iPSL @ iPSL
2017/12/20 10:50:18 Processing tag Tuto_ModProd_2016
  Tuto_ModProd_2016: Ignoring
Processing: KeyWordIO (https://github.com/modelica-3rdparty/KeyWordIO, fork=true)
2017/12/20 10:50:19 Source for KeyWordIO exists
2017/12/20 10:50:19 Processing tag v0.8.0
  0.8.0: Recording
2017/12/20 10:50:20   Reviewing contents of christiankral/KeyWordIO
    Processing library KeyWordIO @ KeyWordIO
2017/12/20 10:50:21 Processing tag v0.7.0
  0.7.0: Recording
2017/12/20 10:50:22   Reviewing contents of christiankral/KeyWordIO
    Processing library KeyWordIO @ KeyWordIO
2017/12/20 10:50:23 Processing tag v0.6.0
  0.6.0: Recording
2017/12/20 10:50:23   Reviewing contents of christiankral/KeyWordIO
    Processing library KeyWordIO @ KeyWordIO
2017/12/20 10:50:25 Processing tag v0.5.0
  0.5.0: Recording
2017/12/20 10:50:25   Reviewing contents of christiankral/KeyWordIO
    Processing library KeyWordIO @ KeyWordIO
2017/12/20 10:50:27 Processing tag v0.4.0
  0.4.0: Recording
2017/12/20 10:50:27   Reviewing contents of christiankral/KeyWordIO
    Processing library KeyWordIO @ KeyWordIO
2017/12/20 10:50:29 Processing tag v0.3.0
  0.3.0: Recording
2017/12/20 10:50:29   Reviewing contents of christiankral/KeyWordIO
    Processing library KeyWordIO @ KeyWordIO
2017/12/20 10:50:31 Processing tag v0.2.0
  0.2.0: Recording
2017/12/20 10:50:31   Reviewing contents of christiankral/KeyWordIO
    Processing library KeyWordIO @ KeyWordIO
2017/12/20 10:50:33 Processing tag v0.1.0
  0.1.0: Recording
2017/12/20 10:50:33   Reviewing contents of christiankral/KeyWordIO
    Processing library KeyWordIO @ KeyWordIO
Processing: LibRAS (https://github.com/modelica-3rdparty/LibRAS, fork=true)
2017/12/20 10:50:35 Source for LibRAS exists
Processing: LinearMPC (https://github.com/modelica-3rdparty/LinearMPC, fork=false)
2017/12/20 10:50:36 No source for LinearMPC
2017/12/20 10:50:36 Processing tag v1.0
  1.0: Recording
2017/12/20 10:50:37   Reviewing contents of modelica-3rdparty/LinearMPC
    Processing library LinearMPC @ LinearMPC.mo
2017/12/20 10:50:38 Processing tag v0.1
  0.1: Recording
2017/12/20 10:50:38   Reviewing contents of modelica-3rdparty/LinearMPC
2017/12/20 10:50:39 Error extracting uses annotation: Error while parsing uses annotation of linearMPC.mo in github repository LinearMPC: Unable to normalize version for ThermoPower: Unable to normalize version string '2.01IRT'
    Processing library LinearMPC @ linearMPC.mo
Processing: Modelica-Arduino (https://github.com/modelica-3rdparty/Modelica-Arduino, fork=true)
2017/12/20 10:50:40 Source for Modelica-Arduino exists
2017/12/20 10:50:40 Processing tag v0.0.5
  0.0.5: Recording
2017/12/20 10:50:41   Reviewing contents of CATIA-Systems/Modelica-Arduino
    Processing library Arduino @ Arduino
2017/12/20 10:50:42 Processing tag v0.0.4
  0.0.4: Recording
2017/12/20 10:50:43   Reviewing contents of CATIA-Systems/Modelica-Arduino
    Processing library Arduino @ Arduino
2017/12/20 10:50:46 Processing tag v0.0.3
  0.0.3: Recording
2017/12/20 10:50:46   Reviewing contents of CATIA-Systems/Modelica-Arduino
    Processing library Arduino @ Arduino
2017/12/20 10:50:49 Processing tag v0.0.2
  0.0.2: Recording
2017/12/20 10:50:50   Reviewing contents of CATIA-Systems/Modelica-Arduino
    Processing library Arduino @ Arduino
2017/12/20 10:50:53 Processing tag v0.0.1
  0.0.1: Recording
2017/12/20 10:50:54   Reviewing contents of CATIA-Systems/Modelica-Arduino
    Processing library Arduino @ Arduino
2017/12/20 10:50:56 Processing tag v0.0.0
  0.0.0: Recording
2017/12/20 10:50:57   Reviewing contents of CATIA-Systems/Modelica-Arduino
    Processing library Arduino @ Arduino
Processing: modelica-flight (https://github.com/modelica-3rdparty/modelica-flight, fork=true)
2017/12/20 10:51:00 Source for modelica-flight exists
Processing: modelica-ibpsa (https://github.com/modelica-3rdparty/modelica-ibpsa, fork=true)
2017/12/20 10:51:01 Source for modelica-ibpsa exists
2017/12/20 10:51:01 Processing tag v1.0.0
  1.0.0: Recording
2017/12/20 10:51:02   Reviewing contents of ibpsa/modelica-ibpsa
    Processing library Annex60 @ Annex60
2017/12/20 10:51:04 Processing tag speed
  speed: Ignoring
2017/12/20 10:51:04 Processing tag pub_2015_ModelicaConfSpeed
  pub_2015_ModelicaConfSpeed: Ignoring
Processing: Modelica-MVEM (https://github.com/modelica-3rdparty/Modelica-MVEM, fork=true)
2017/12/20 10:51:05 Source for Modelica-MVEM exists
2017/12/20 10:51:05 Processing tag v1.0.1
  1.0.1: Recording
2017/12/20 10:51:06   Reviewing contents of droberg/Modelica-MVEM
    Processing library MVEMLib @ MVEMLib
2017/12/20 10:51:07 Processing tag v1.0.0
  1.0.0: Recording
2017/12/20 10:51:08   Reviewing contents of droberg/Modelica-MVEM
    Processing library MVEMLib @ MVEMLib
Processing: ModelicaADS (https://github.com/modelica-3rdparty/ModelicaADS, fork=true)
2017/12/20 10:51:10 Source for ModelicaADS exists
2017/12/20 10:51:10 Processing tag v1.0.1
  1.0.1: Recording
2017/12/20 10:51:11   Reviewing contents of TechnicalBuildingSystems/ModelicaADS
    Processing library ModelicaADS @ ModelicaADS
2017/12/20 10:51:12 Processing tag v1.0.0
  1.0.0: Recording
2017/12/20 10:51:13   Reviewing contents of TechnicalBuildingSystems/ModelicaADS
    Processing library ModelicaADS @ ModelicaADS
Processing: ModelicaDEVS (https://github.com/modelica-3rdparty/ModelicaDEVS, fork=false)
2017/12/20 10:51:15 No source for ModelicaDEVS
2017/12/20 10:51:15 Processing tag v1.0
Processing: ModelicaDFR (https://github.com/modelica-3rdparty/ModelicaDFR, fork=true)
2017/12/20 10:51:16 Source for ModelicaDFR exists
Processing: ModelicaTutorials (https://github.com/modelica-3rdparty/ModelicaTutorials, fork=true)
2017/12/20 10:51:16 Source for ModelicaTutorials exists
Processing: MoMoUrEnSySi (https://github.com/modelica-3rdparty/MoMoUrEnSySi, fork=true)
2017/12/20 10:51:17 Source for MoMoUrEnSySi exists
Processing: MotorcycleDynamics (https://github.com/modelica-3rdparty/MotorcycleDynamics, fork=false)
2017/12/20 10:51:18 No source for MotorcycleDynamics
2017/12/20 10:51:18 Processing tag v0.7.0
  0.7.0: Recording
2017/12/20 10:51:19   Reviewing contents of modelica-3rdparty/MotorcycleDynamics
    Processing library MotorcycleDynamics @ MotorcycleDynamics 0.7.0.mo
2017/12/20 10:51:21 Processing tag v0.7
  0.7: Recording
2017/12/20 10:51:22   Reviewing contents of modelica-3rdparty/MotorcycleDynamics
    Processing library MotorcycleDynamics @ MotorcycleDynamics 0.7
Processing: MotorcycleLib (https://github.com/modelica-3rdparty/MotorcycleLib, fork=false)
2017/12/20 10:51:24 No source for MotorcycleLib
2017/12/20 10:51:24 Processing tag v1.0
  1.0: Recording
2017/12/20 10:51:25   Reviewing contents of modelica-3rdparty/MotorcycleLib
    Processing library MotorcycleLib @ MotorcycleLib 1.0
Processing: msgpack-modelica (https://github.com/modelica-3rdparty/msgpack-modelica, fork=false)
2017/12/20 10:51:27 No source for msgpack-modelica
2017/12/20 10:51:28 Processing tag v0.1
  0.1: Recording
2017/12/20 10:51:28   Reviewing contents of modelica-3rdparty/msgpack-modelica
    Processing library MessagePack @ MessagePack
Processing: MultiBondLib (https://github.com/modelica-3rdparty/MultiBondLib, fork=false)
2017/12/20 10:51:30 No source for MultiBondLib
2017/12/20 10:51:31 Processing tag v1.3
  1.3: Recording
2017/12/20 10:51:31   Reviewing contents of modelica-3rdparty/MultiBondLib
    Processing library MultiBondLib @ MultiBondLib 1.3
Processing: MultiPhaseMixtureMedia (https://github.com/modelica-3rdparty/MultiPhaseMixtureMedia, fork=true)
2017/12/20 10:51:33 Source for MultiPhaseMixtureMedia exists
2017/12/20 10:51:34 Processing tag v1.0.0
  1.0.0: Recording
2017/12/20 10:51:34   Reviewing contents of jwindahlModelon/MultiPhaseMixtureMedia
    No Modelica libraries found in repository MultiPhaseMixtureMedia:1.0.0
Processing: NCLib (https://github.com/modelica-3rdparty/NCLib, fork=false)
2017/12/20 10:51:36 No source for NCLib
2017/12/20 10:51:37 Processing tag v0.82
Processing: netCDF-DataReader (https://github.com/modelica-3rdparty/netCDF-DataReader, fork=true)
2017/12/20 10:51:37 Source for netCDF-DataReader exists
2017/12/20 10:51:38 Processing tag v2.4.0
  2.4.0: Recording
2017/12/20 10:51:38   Reviewing contents of tbeu/netCDF-DataReader
    Processing library NcDataReader2 @ NcDataReader2
Processing: NeuralNetwork (https://github.com/modelica-3rdparty/NeuralNetwork, fork=false)
2017/12/20 10:51:40 No source for NeuralNetwork
2017/12/20 10:51:41 Processing tag v1.0
  1.0: Recording
2017/12/20 10:51:41   Reviewing contents of modelica-3rdparty/NeuralNetwork
    Processing library NeuralNetwork @ NeuralNetwork 1.0
Processing: Noise (https://github.com/modelica-3rdparty/Noise, fork=true)
2017/12/20 10:51:43 Source for Noise exists
2017/12/20 10:51:44 Processing tag v1.0-beta.1
  1.0-beta.1: Recording
2017/12/20 10:51:44   Reviewing contents of DLR-SR/Noise
    Processing library Modelica_Noise @ Modelica_Noise 1.0 Beta.1
2017/12/20 10:51:46 Processing tag v0.2.0
  0.2.0: Recording
2017/12/20 10:51:46   Reviewing contents of DLR-SR/Noise
    Processing library Noise @ Noise 0.2.0
Processing: ObjectStab (https://github.com/modelica-3rdparty/ObjectStab, fork=false)
2017/12/20 10:51:48 No source for ObjectStab
2017/12/20 10:51:49 Processing tag v1.0.3
  1.0.3: Recording
2017/12/20 10:51:49   Reviewing contents of modelica-3rdparty/ObjectStab
    Processing library ObjectStab @ ObjectStab 1.0.3
Processing: open-bldc-modelica (https://github.com/modelica-3rdparty/open-bldc-modelica, fork=true)
2017/12/20 10:51:51 Source for open-bldc-modelica exists
Processing: openfdm (https://github.com/modelica-3rdparty/openfdm, fork=true)
2017/12/20 10:51:52 Source for openfdm exists
Processing: OpenHydraulics (https://github.com/modelica-3rdparty/OpenHydraulics, fork=true)
2017/12/20 10:51:53 Source for OpenHydraulics exists
2017/12/20 10:51:53 Processing tag v1.0.1
  1.0.1: Recording
2017/12/20 10:51:54   Reviewing contents of cparedis/OpenHydraulics
    Processing library OpenHydraulics @ OpenHydraulics
2017/12/20 10:51:55 Processing tag v1.0
  1.0: Recording
2017/12/20 10:51:56   Reviewing contents of cparedis/OpenHydraulics
    Processing library OpenHydraulics @ OpenHydraulics
Processing: OpenIPSL (https://github.com/modelica-3rdparty/OpenIPSL, fork=true)
2017/12/20 10:51:58 Source for ipsl exists
2017/12/20 10:51:58 Processing tag v1.5.0
  1.5.0: Recording
2017/12/20 10:51:59   Reviewing contents of itesla/ipsl
    Processing library OpenIPSL @ OpenIPSL
2017/12/20 10:52:03 Processing tag v1.0.0
  1.0.0: Recording
2017/12/20 10:52:03   Reviewing contents of itesla/ipsl
    Processing library OpenIPSL @ OpenIPSL
2017/12/20 10:52:07 Processing tag v0.8.1
  0.8.1: Recording
2017/12/20 10:52:08   Reviewing contents of itesla/ipsl
    Processing library iPSL @ iPSL
2017/12/20 10:52:09 Processing tag v0.8.0
  0.8.0: Recording
2017/12/20 10:52:09   Reviewing contents of itesla/ipsl
    Processing library iPSL @ iPSL
2017/12/20 10:52:11 Processing tag v0.8
  0.8: Recording
2017/12/20 10:52:12   Reviewing contents of itesla/ipsl
    Processing library iPSL @ iPSL
2017/12/20 10:52:13 Processing tag Tutorial_NAMUG_2017
  Tutorial_NAMUG_2017: Ignoring
2017/12/20 10:52:13 Processing tag Tutorial_ModelicaConf2017
  Tutorial_ModelicaConf2017: Ignoring
2017/12/20 10:52:13 Processing tag Tutorial_CURENT_ERC_2017_08_22
  Tutorial_CURENT_ERC_2017_08_22: Ignoring
2017/12/20 10:52:13 Processing tag Tuto_UCD_2017
  Tuto_UCD_2017: Ignoring
2017/12/20 10:52:13 Processing tag Tuto_TAMU_2017
  Tuto_TAMU_2017: Ignoring
2017/12/20 10:52:13 Processing tag Tuto_PTI_Brazil_17
  Tuto_PTI_Brazil_17: Ignoring
2017/12/20 10:52:13 Processing tag Tuto_ModProd_2017
  Tuto_ModProd_2017: Ignoring
2017/12/20 10:52:13 Processing tag Tuto_ModProd_2016
  Tuto_ModProd_2016: Ignoring
2017/12/20 10:52:13 Processing tag Tuto_ENTSOE_WG_Modelica
  Tuto_ENTSOE_WG_Modelica: Ignoring
Processing: PDELib (https://github.com/modelica-3rdparty/PDELib, fork=false)
2017/12/20 10:52:13 No source for PDELib
2017/12/20 10:52:14 Processing tag v1.0
  1.0: Recording
2017/12/20 10:52:14   Reviewing contents of modelica-3rdparty/PDELib
    Processing library PDE @ PDELib 1.0
Processing: PhotoVoltaics (https://github.com/modelica-3rdparty/PhotoVoltaics, fork=true)
2017/12/20 10:52:17 Source for PhotoVoltaics exists
2017/12/20 10:52:17 Processing tag v1.1.0
  1.1.0: Recording
2017/12/20 10:52:18   Reviewing contents of christiankral/PhotoVoltaics
    Processing library PhotoVoltaics @ PhotoVoltaics
    Processing library PhotoVoltaics_TGM @ PhotoVoltaics_TGM
2017/12/20 10:52:20 Processing tag v1.0.1
  1.0.1: Recording
2017/12/20 10:52:21   Reviewing contents of christiankral/PhotoVoltaics
    Processing library PhotoVoltaics @ PhotoVoltaics
    Processing library PhotoVoltaics_TGM @ PhotoVoltaics_TGM
2017/12/20 10:52:23 Processing tag v1.0.0
  1.0.0: Recording
2017/12/20 10:52:24   Reviewing contents of christiankral/PhotoVoltaics
    Processing library PhotoVoltaics @ PhotoVoltaics
    Processing library PhotoVoltaics_TGM @ PhotoVoltaics_TGM
2017/12/20 10:52:26 Processing tag v0.6.0
  0.6.0: Recording
2017/12/20 10:52:27   Reviewing contents of christiankral/PhotoVoltaics
    Processing library PhotoVoltaics @ PhotoVoltaics
    Processing library PhotoVoltaics_TGM @ PhotoVoltaics_TGM
2017/12/20 10:52:30 Processing tag v0.5.0
  0.5.0: Recording
2017/12/20 10:52:30   Reviewing contents of christiankral/PhotoVoltaics
    Processing library PhotoVoltaics @ PhotoVoltaics.mo
    Processing library PhotoVoltaics_TGM @ PhotoVoltaics_TGM.mo
2017/12/20 10:52:33 Processing tag v0.4.0
  0.4.0: Recording
2017/12/20 10:52:33   Reviewing contents of christiankral/PhotoVoltaics
    Processing library PhotoVoltaics @ PhotoVoltaics.mo
    Processing library PhotoVoltaics_TGM @ PhotoVoltaics_TGM.mo
2017/12/20 10:52:35 Processing tag v0.3.2
  0.3.2: Recording
2017/12/20 10:52:36   Reviewing contents of christiankral/PhotoVoltaics
    Processing library PhotoVoltaics @ PhotoVoltaics.mo
    Processing library PhotoVoltaics_TGM @ PhotoVoltaics_TGM.mo
2017/12/20 10:52:38 Processing tag v0.3.1
  0.3.1: Recording
2017/12/20 10:52:38   Reviewing contents of christiankral/PhotoVoltaics
    Processing library PhotoVoltaics @ PhotoVoltaics.mo
    Processing library PhotoVoltaics_TGM @ PhotoVoltaics_TGM.mo
2017/12/20 10:52:41 Processing tag v0.3.0
  0.3.0: Recording
2017/12/20 10:52:41   Reviewing contents of christiankral/PhotoVoltaics
    Processing library PhotoVoltaics @ PhotoVoltaics.mo
    Processing library PhotoVoltaics_TGM @ PhotoVoltaics_TGM.mo
2017/12/20 10:52:43 Processing tag v0.2.1
  0.2.1: Recording
2017/12/20 10:52:44   Reviewing contents of christiankral/PhotoVoltaics
    Processing library PhotoVoltaics @ PhotoVoltaics.mo
    Processing library PhotoVoltaics_TGM @ PhotoVoltaics_TGM.mo
2017/12/20 10:52:46 Processing tag v0.1.0
  0.1.0: Recording
2017/12/20 10:52:46   Reviewing contents of christiankral/PhotoVoltaics
    Processing library PhotoVoltaics @ PhotoVoltaics.mo
    Processing library PhotoVoltaics_Buildings @ PhotoVoltaics_Buildings.mo
Processing: Physiolibrary (https://github.com/modelica-3rdparty/Physiolibrary, fork=true)
2017/12/20 10:52:49 Source for Physiolibrary exists
2017/12/20 10:52:50 Processing tag v2.3.1
  2.3.1: Recording
2017/12/20 10:52:50   Reviewing contents of MarekMatejak/Physiolibrary
    Processing library Physiolibrary @ Physiolibrary
2017/12/20 10:52:52 Processing tag v2.3.0
  2.3.0: Recording
2017/12/20 10:52:52   Reviewing contents of MarekMatejak/Physiolibrary
    Processing library Physiolibrary @ Physiolibrary 2.3.0
2017/12/20 10:52:54 Processing tag v2.2.0
  2.2.0: Recording
2017/12/20 10:52:54   Reviewing contents of MarekMatejak/Physiolibrary
    Processing library Physiolibrary @ Physiolibrary 2.2.0
2017/12/20 10:52:56 Processing tag v2.1.1
  2.1.1: Recording
2017/12/20 10:52:56   Reviewing contents of MarekMatejak/Physiolibrary
    Processing library Physiolibrary @ Physiolibrary 2.1.1
2017/12/20 10:52:58 Processing tag v2.1.0
  2.1.0: Recording
2017/12/20 10:52:58   Reviewing contents of MarekMatejak/Physiolibrary
    Processing library Physiolibrary @ Physiolibrary 2.1.0
2017/12/20 10:53:00 Processing tag v2.0.2
  2.0.2: Recording
2017/12/20 10:53:01   Reviewing contents of MarekMatejak/Physiolibrary
    Processing library Physiolibrary @ Physiolibrary 2.0.2
2017/12/20 10:53:02 Processing tag v2.0.1
  2.0.1: Recording
2017/12/20 10:53:03   Reviewing contents of MarekMatejak/Physiolibrary
    Processing library Physiolibrary @ Physiolibrary
2017/12/20 10:53:04 Processing tag v2.0.0
  2.0.0: Recording
2017/12/20 10:53:05   Reviewing contents of MarekMatejak/Physiolibrary
    Processing library Physiolibrary @ Physiolibrary 2.0.0
2017/12/20 10:53:06 Processing tag v1.2.0
  1.2.0: Recording
2017/12/20 10:53:07   Reviewing contents of MarekMatejak/Physiolibrary
    Processing library Physiolibrary @ Physiolibrary 1.2.0
2017/12/20 10:53:08 Processing tag v1.1.0
  1.1.0: Recording
2017/12/20 10:53:09   Reviewing contents of MarekMatejak/Physiolibrary
    Processing library Physiolibrary @ Physiolibrary 1.1.0
2017/12/20 10:53:10 Processing tag v1.0.1
  1.0.1: Recording
2017/12/20 10:53:11   Reviewing contents of MarekMatejak/Physiolibrary
    Processing library Physiolibrary @ Physiolibrary 1.0.1
2017/12/20 10:53:12 Processing tag v1.0.0
  1.0.0: Recording
2017/12/20 10:53:13   Reviewing contents of MarekMatejak/Physiolibrary
    Processing library Physiolibrary @ Physiolibrary 1.0.0
Processing: Physiomodel (https://github.com/modelica-3rdparty/Physiomodel, fork=true)
2017/12/20 10:53:15 Source for Physiomodel exists
2017/12/20 10:53:15 Processing tag v1.0.0
  1.0.0: Recording
2017/12/20 10:53:16   Reviewing contents of physiology/Physiomodel
    Processing library Physiomodel @ Physiomodel
Processing: PlanarMechanics (https://github.com/modelica-3rdparty/PlanarMechanics, fork=true)
2017/12/20 10:53:18 Source for PlanarMechanics exists
2017/12/20 10:53:19 Processing tag v1.4.0
  1.4.0: Recording
2017/12/20 10:53:19   Reviewing contents of dzimmer/PlanarMechanics
    Processing library PlanarMechanics @ PlanarMechanics 1.4.0
2017/12/20 10:53:21 Processing tag v1.3.0
  1.3.0: Recording
2017/12/20 10:53:21   Reviewing contents of dzimmer/PlanarMechanics
    Processing library PlanarMechanics @ PlanarMechanics
2017/12/20 10:53:23 Processing tag v1.2.0
  1.2.0: Recording
2017/12/20 10:53:23   Reviewing contents of dzimmer/PlanarMechanics
    Processing library PlanarMechanics @ PlanarMechanics 1.2.0
Processing: PNlib (https://github.com/modelica-3rdparty/PNlib, fork=true)
2017/12/20 10:53:25 Source for PNlib exists
2017/12/20 10:53:26 Processing tag v2.1
  2.1: Recording
2017/12/20 10:53:26   Reviewing contents of lochel/PNlib
    Processing library PNlib @ PNlib
2017/12/20 10:53:29 Processing tag v2.0
  2.0: Recording
2017/12/20 10:53:29   Reviewing contents of lochel/PNlib
    Processing library PNlib @ PNlib
2017/12/20 10:53:32 Processing tag v1.3
  1.3: Recording
2017/12/20 10:53:33   Reviewing contents of lochel/PNlib
    Processing library PNlib @ PNlib
2017/12/20 10:53:35 Processing tag v1.2
  1.2: Recording
2017/12/20 10:53:36   Reviewing contents of lochel/PNlib
    Processing library PNlib @ PNlib
2017/12/20 10:53:40 Processing tag v1.1
  1.1: Recording
2017/12/20 10:53:40   Reviewing contents of lochel/PNlib
    Processing library PNlib @ PNlib
2017/12/20 10:53:42 Processing tag v1.0
  1.0: Recording
2017/12/20 10:53:42   Reviewing contents of lochel/PNlib
    Processing library PNlib @ PNlib.mo
Processing: pow_el (https://github.com/modelica-3rdparty/pow_el, fork=true)
2017/12/20 10:53:44 Source for pow_el exists
Processing: PraxisSimulationstechnik (https://github.com/modelica-3rdparty/PraxisSimulationstechnik, fork=true)
2017/12/20 10:53:45 Source for PraxisSimulationstechnik exists
Processing: PVSystems (https://github.com/modelica-3rdparty/PVSystems, fork=true)
2017/12/20 10:53:46 Source for PVSystems exists
2017/12/20 10:53:46 Processing tag v0.6.2
  0.6.2: Recording
2017/12/20 10:53:47   Reviewing contents of raulrpearson/PVSystems
    Processing library PVSystems @ PVSystems
2017/12/20 10:53:48 Processing tag v0.6.1
  0.6.1: Recording
2017/12/20 10:53:49   Reviewing contents of raulrpearson/PVSystems
    Processing library PVSystems @ PVSystems
2017/12/20 10:53:51 Processing tag v0.6.0
  0.6.0: Recording
2017/12/20 10:53:52   Reviewing contents of raulrpearson/PVSystems
    Processing library PVSystems @ PVSystems
2017/12/20 10:53:54 Processing tag v0.4.0
  0.4.0: Recording
2017/12/20 10:53:54   Reviewing contents of raulrpearson/PVSystems
2017/12/20 10:53:55   Repository is a library
    Processing library PVlib @ .
2017/12/20 10:53:55 Processing tag v0.3.0
  0.3.0: Recording
2017/12/20 10:53:56   Reviewing contents of raulrpearson/PVSystems
2017/12/20 10:53:56   Repository is a library
    Processing library PVlib @ .
2017/12/20 10:53:57 Processing tag v0.2.0
  0.2.0: Recording
2017/12/20 10:53:57   Reviewing contents of raulrpearson/PVSystems
2017/12/20 10:53:57   Repository is a library
    Processing library PVlib @ .
2017/12/20 10:53:58 Processing tag v0.1.0
  0.1.0: Recording
2017/12/20 10:53:58   Reviewing contents of raulrpearson/PVSystems
2017/12/20 10:53:59   Repository is a library
    Processing library PVlib @ .
Processing: QCalc (https://github.com/modelica-3rdparty/QCalc, fork=true)
2017/12/20 10:54:00 Source for QCalc exists
2017/12/20 10:54:00 Processing tag v0.3.3
  0.3.3: Recording
2017/12/20 10:54:01   Reviewing contents of kdavies4/QCalc
    Processing library QCalc @ QCalc
    Processing library QCalcTests @ QCalcTests
2017/12/20 10:54:05 Processing tag v0.3.2
  0.3.2: Recording
2017/12/20 10:54:05   Reviewing contents of kdavies4/QCalc
    Processing library QCalc @ QCalc 0.3.2
    Processing library QCalcTests @ QCalcTests
2017/12/20 10:54:09 Processing tag v0.3.1
  0.3.1: Recording
2017/12/20 10:54:09   Reviewing contents of kdavies4/QCalc
    Processing library QCalc @ QCalc 0.3.1
    Processing library QCalcTests @ QCalcTests
2017/12/20 10:54:12 Processing tag v0.3.0
  0.3.0: Recording
2017/12/20 10:54:13   Reviewing contents of kdavies4/QCalc
    Processing library QCalc @ QCalc 0.3.0
    Processing library QCalcTests @ QCalcTests
2017/12/20 10:54:16 Processing tag v0.2.1
  0.2.1: Recording
2017/12/20 10:54:17   Reviewing contents of kdavies4/QCalc
    Processing library QCalc @ QCalc 0.2.1
    Processing library QCalcTests @ QCalcTests
2017/12/20 10:54:20 Processing tag v0.2.0
  0.2.0: Recording
2017/12/20 10:54:20   Reviewing contents of kdavies4/QCalc
    Processing library QCalc @ QCalc 0.2.0
    Processing library QCalcTests @ QCalcTests
2017/12/20 10:54:23 Processing tag v0.1.0
  0.1.0: Recording
2017/12/20 10:54:24   Reviewing contents of kdavies4/QCalc
    Processing library QCalc @ QCalc 0.1.0
    Processing library QCalcTests @ QCalcTests
2017/12/20 10:54:27 Processing tag 0.3.1
  0.3.1: Recording
2017/12/20 10:54:27   Reviewing contents of kdavies4/QCalc
    Processing library QCalc @ QCalc 0.3.1
    Processing library QCalcTests @ QCalcTests
Processing: QSSFluidFlow (https://github.com/modelica-3rdparty/QSSFluidFlow, fork=false)
2017/12/20 10:54:31 No source for QSSFluidFlow
2017/12/20 10:54:31 Processing tag v1.0
  1.0: Recording
2017/12/20 10:54:32   Reviewing contents of modelica-3rdparty/QSSFluidFlow
    Processing library QSSFluidFlow @ QSSFluidFlow 1.0
Processing: RealTimeCoordinationLibrary (https://github.com/modelica-3rdparty/RealTimeCoordinationLibrary, fork=false)
2017/12/20 10:54:34 No source for RealTimeCoordinationLibrary
2017/12/20 10:54:34 Processing tag v1.0.2
  1.0.2: Recording
2017/12/20 10:54:35   Reviewing contents of modelica-3rdparty/RealTimeCoordinationLibrary
2017/12/20 10:54:35   Repository is a library
    Processing library RealTimeCoordinationLibrary @ .
2017/12/20 10:54:36 Processing tag v1.0.1
  1.0.1: Recording
2017/12/20 10:54:36   Reviewing contents of modelica-3rdparty/RealTimeCoordinationLibrary
2017/12/20 10:54:37   Repository is a library
    Processing library RealTimeCoordinationLibrary @ .
2017/12/20 10:54:37 Processing tag v1.0
  1.0: Recording
2017/12/20 10:54:38   Reviewing contents of modelica-3rdparty/RealTimeCoordinationLibrary
2017/12/20 10:54:38   Repository is a library
    Processing library RealTimeCoordination @ .
Processing: ScalableTestSuite (https://github.com/modelica-3rdparty/ScalableTestSuite, fork=true)
2017/12/20 10:54:40 Source for ScalableTestSuite exists
2017/12/20 10:54:40 Processing tag v1.9.4
  1.9.4: Recording
2017/12/20 10:54:41   Reviewing contents of casella/ScalableTestSuite
    Processing library ScalableTestSuite @ ScalableTestSuite
2017/12/20 10:54:42 Processing tag v1.9.3
  1.9.3: Recording
2017/12/20 10:54:43   Reviewing contents of casella/ScalableTestSuite
    Processing library ScalableTestSuite @ ScalableTestSuite
2017/12/20 10:54:44 Processing tag v1.9.2
  1.9.2: Recording
2017/12/20 10:54:45   Reviewing contents of casella/ScalableTestSuite
    Processing library ScalableTestSuite @ ScalableTestSuite
2017/12/20 10:54:46 Processing tag v1.9.1
  1.9.1: Recording
2017/12/20 10:54:47   Reviewing contents of casella/ScalableTestSuite
    Processing library ScalableTestSuite @ ScalableTestSuite
2017/12/20 10:54:48 Processing tag v1.9.0
  1.9.0: Recording
2017/12/20 10:54:49   Reviewing contents of casella/ScalableTestSuite
    Processing library ScalableTestSuite @ ScalableTestSuite
2017/12/20 10:54:50 Processing tag v1.8.3
  1.8.3: Recording
2017/12/20 10:54:51   Reviewing contents of casella/ScalableTestSuite
    Processing library ScalableTestSuite @ ScalableTestSuite
2017/12/20 10:54:52 Processing tag v1.8.2
  1.8.2: Recording
2017/12/20 10:54:52   Reviewing contents of casella/ScalableTestSuite
    Processing library ScalableTestSuite @ ScalableTestSuite
2017/12/20 10:54:54 Processing tag v1.8.1
  1.8.1: Recording
2017/12/20 10:54:54   Reviewing contents of casella/ScalableTestSuite
    Processing library ScalableTestSuite @ ScalableTestSuite
2017/12/20 10:54:56 Processing tag v1.8.0
  1.8.0: Recording
2017/12/20 10:54:56   Reviewing contents of casella/ScalableTestSuite
    Processing library ScalableTestSuite @ ScalableTestSuite
2017/12/20 10:54:57 Processing tag v1.7.1
  1.7.1: Recording
2017/12/20 10:54:58   Reviewing contents of casella/ScalableTestSuite
    Processing library ScalableTestSuite @ ScalableTestSuite
2017/12/20 10:54:59 Processing tag v1.7.0
  1.7.0: Recording
2017/12/20 10:55:00   Reviewing contents of casella/ScalableTestSuite
    Processing library ScalableTestSuite @ ScalableTestSuite
2017/12/20 10:55:01 Processing tag v1.6.2
  1.6.2: Recording
2017/12/20 10:55:02   Reviewing contents of casella/ScalableTestSuite
    Processing library ScalableTestSuite @ ScalableTestSuite
2017/12/20 10:55:03 Processing tag v1.6.1
  1.6.1: Recording
2017/12/20 10:55:04   Reviewing contents of casella/ScalableTestSuite
    Processing library ScalableTestSuite @ ScalableTestSuite
2017/12/20 10:55:05 Processing tag v1.6.0
  1.6.0: Recording
2017/12/20 10:55:06   Reviewing contents of casella/ScalableTestSuite
    Processing library ScalableTestSuite @ ScalableTestSuite
2017/12/20 10:55:07 Processing tag v1.5.1
  1.5.1: Recording
2017/12/20 10:55:08   Reviewing contents of casella/ScalableTestSuite
    Processing library ScalableTestSuite @ ScalableTestSuite
2017/12/20 10:55:09 Processing tag v1.5.0
  1.5.0: Recording
2017/12/20 10:55:10   Reviewing contents of casella/ScalableTestSuite
    Processing library ScalableTestSuite @ ScalableTestSuite
2017/12/20 10:55:11 Processing tag v1.4.0
  1.4.0: Recording
2017/12/20 10:55:12   Reviewing contents of casella/ScalableTestSuite
    Processing library ScalableTestSuite @ ScalableTestSuite
2017/12/20 10:55:13 Processing tag v1.3.0
  1.3.0: Recording
2017/12/20 10:55:14   Reviewing contents of casella/ScalableTestSuite
    Processing library ScalableTestSuite @ ScalableTestSuite
2017/12/20 10:55:15 Processing tag v1.2.0
  1.2.0: Recording
2017/12/20 10:55:16   Reviewing contents of casella/ScalableTestSuite
    Processing library ScalableTestSuite @ ScalableTestSuite
2017/12/20 10:55:17 Processing tag v1.1.2
  1.1.2: Recording
2017/12/20 10:55:18   Reviewing contents of casella/ScalableTestSuite
    Processing library ScalableTestSuite @ ScalableTestSuite
2017/12/20 10:55:19 Processing tag v1.1.1
  1.1.1: Recording
2017/12/20 10:55:20   Reviewing contents of casella/ScalableTestSuite
    Processing library ScalableTestSuite @ ScalableTestSuite
2017/12/20 10:55:21 Processing tag v1.1.0
  1.1.0: Recording
2017/12/20 10:55:21   Reviewing contents of casella/ScalableTestSuite
    Processing library ScalableTestSuite @ ScalableTestSuite
2017/12/20 10:55:23 Processing tag v1.0.0
  1.0.0: Recording
2017/12/20 10:55:23   Reviewing contents of casella/ScalableTestSuite
    Processing library ScalableTestSuite @ ScalableTestSuite
Processing: Servomechanisms (https://github.com/modelica-3rdparty/Servomechanisms, fork=true)
2017/12/20 10:55:25 Source for Servomechanisms exists
Processing: SolarTherm (https://github.com/modelica-3rdparty/SolarTherm, fork=true)
2017/12/20 10:55:26 Source for SolarTherm exists
Processing: SPICELib (https://github.com/modelica-3rdparty/SPICELib, fork=false)
2017/12/20 10:55:27 No source for SPICELib
2017/12/20 10:55:27 Processing tag v1.1
  1.1: Recording
2017/12/20 10:55:28   Reviewing contents of modelica-3rdparty/SPICELib
    Processing library SPICELib @ SPICELib 1.1
Processing: Spot (https://github.com/modelica-3rdparty/Spot, fork=false)
2017/12/20 10:55:30 No source for Spot
2017/12/20 10:55:30 Processing tag v0.706.1
  0.706.1: Recording
2017/12/20 10:55:31   Reviewing contents of modelica-3rdparty/Spot
    Processing library Spot @ Spot 0.706.1
    Processing library SpotExamples @ SpotExamples 0.706.1
2017/12/20 10:55:33 Processing tag v0.706
  0.706: Recording
2017/12/20 10:55:34   Reviewing contents of modelica-3rdparty/Spot
    Processing library Spot @ Spot 0.706
    Processing library SpotExamples @ SpotExamples 0.706
Processing: SystemDynamics (https://github.com/modelica-3rdparty/SystemDynamics, fork=false)
2017/12/20 10:55:37 No source for SystemDynamics
2017/12/20 10:55:38 Processing tag v2.1
  2.1: Recording
2017/12/20 10:55:38   Reviewing contents of modelica-3rdparty/SystemDynamics
    Processing library SystemDynamics @ SystemDynamics 2.1
2017/12/20 10:55:40 Processing tag v2.0
  2.0: Recording
2017/12/20 10:55:40   Reviewing contents of modelica-3rdparty/SystemDynamics
    Processing library SystemDynamics @ SystemDynamics 2.0
Processing: TechThermo (https://github.com/modelica-3rdparty/TechThermo, fork=false)
2017/12/20 10:55:42 No source for TechThermo
2017/12/20 10:55:43 Processing tag v1.0
  1.0: Recording
2017/12/20 10:55:44   Reviewing contents of modelica-3rdparty/TechThermo
    Processing library TechThermo @ TechThermo 1.0
Processing: ThermoBondLib (https://github.com/modelica-3rdparty/ThermoBondLib, fork=false)
2017/12/20 10:55:45 No source for ThermoBondLib
2017/12/20 10:55:46 Processing tag v2.1
  2.1: Recording
2017/12/20 10:55:46   Reviewing contents of modelica-3rdparty/ThermoBondLib
    Processing library ThermoBondLib @ ThermoBondlib 2.1
Processing: Thermocycle-library (https://github.com/modelica-3rdparty/Thermocycle-library, fork=true)
2017/12/20 10:55:49 Source for Thermocycle-library exists
2017/12/20 10:55:49 Processing tag v2.0.0
  2.0.0: Recording
2017/12/20 10:55:50   Reviewing contents of thermocycle/Thermocycle-library
    Processing library ThermoCycle @ ThermoCycle 2.0.0
2017/12/20 10:55:51 Processing tag v1.0.0
  1.0.0: Recording
2017/12/20 10:55:51   Reviewing contents of thermocycle/Thermocycle-library
    Processing library ThermoCycle @ ThermoCycle 1.0.0
Processing: ThermoPower (https://github.com/modelica-3rdparty/ThermoPower, fork=true)
2017/12/20 10:55:53 Source for ThermoPower exists
2017/12/20 10:55:54 Processing tag v3.1-beta.0
  3.1-beta.0: Recording
2017/12/20 10:55:55   Reviewing contents of casella/ThermoPower
    Processing library ThermoPower @ ThermoPower
2017/12/20 10:55:56 Processing tag release.2.1
  release.2.1: Ignoring
2017/12/20 10:55:56 Processing tag release.2.0
  release.2.0: Ignoring
2017/12/20 10:55:56 Processing tag EDF-report-2.0
  EDF-report-2.0: Ignoring
Processing: TRANSFORM-Library (https://github.com/modelica-3rdparty/TRANSFORM-Library, fork=true)
2017/12/20 10:55:57 Source for TRANSFORM-Library exists
Processing: Verif (https://github.com/modelica-3rdparty/Verif, fork=false)
2017/12/20 10:55:57 No source for Verif
2017/12/20 10:55:58 Processing tag v2.2
  2.2: Recording
2017/12/20 10:55:58   Reviewing contents of modelica-3rdparty/Verif
2017/12/20 10:56:00 Error extracting uses annotation: Error while parsing uses annotation of Verif 2.2/package.mo in github repository Verif: Unable to normalize version for BondLib: Unable to normalize version string '2.1a'
    Processing library Verif @ Verif 2.2
Processing: VVDRlib (https://github.com/modelica-3rdparty/VVDRlib, fork=true)
2017/12/20 10:56:00 Source for VVDRlib exists
Processing: WasteWater (https://github.com/modelica-3rdparty/WasteWater, fork=false)
2017/12/20 10:56:01 No source for WasteWater
2017/12/20 10:56:02 Processing tag v2.1.0
  2.1.0: Recording
2017/12/20 10:56:03   Reviewing contents of modelica-3rdparty/WasteWater
    Processing library WasteWater @ WasteWater 2.1.0
2017/12/20 10:56:04 Processing tag v2.0.1
  2.0.1: Recording
2017/12/20 10:56:05   Reviewing contents of modelica-3rdparty/WasteWater
    Processing library WasteWater @ WasteWater 2.0.1
Processing: WaterHub (https://github.com/modelica-3rdparty/WaterHub, fork=true)
2017/12/20 10:56:07 Source for WaterHub exists
Processing: Wavelet (https://github.com/modelica-3rdparty/Wavelet, fork=false)
2017/12/20 10:56:08 No source for Wavelet
Processing: WheelsAndTires (https://github.com/modelica-3rdparty/WheelsAndTires, fork=false)
2017/12/20 10:56:08 No source for WheelsAndTires
2017/12/20 10:56:09 Processing tag v1.0
  1.0: Recording
2017/12/20 10:56:09   Reviewing contents of modelica-3rdparty/WheelsAndTires
    Processing library WheelsAndTires @ WheelsAndTires 1.0
Processing: WindPowerPlants (https://github.com/modelica-3rdparty/WindPowerPlants, fork=true)
2017/12/20 10:56:12 Source for WindPowerPlants exists
2017/12/20 10:56:12 Processing tag v1.0.0
  1.0.0: Recording
2017/12/20 10:56:13   Reviewing contents of christiankral/WindPowerPlants
    Processing library WindPowerPlants @ WindPowerPlants
2017/12/20 10:56:14 Processing tag v0.9.8
  0.9.8: Recording
2017/12/20 10:56:15   Reviewing contents of christiankral/WindPowerPlants
    Processing library WindPowerPlants @ WindPowerPlants
2017/12/20 10:56:16 Processing tag v0.9.7
  0.9.7: Recording
2017/12/20 10:56:16   Reviewing contents of christiankral/WindPowerPlants
    Processing library WindPowerPlants @ WindPowerPlants
2017/12/20 10:56:18 Processing tag v0.9.5
  0.9.5: Recording
2017/12/20 10:56:19   Reviewing contents of christiankral/WindPowerPlants
    Processing library WindPowerPlants @ WindPowerPlants
2017/12/20 10:56:20 Processing tag v0.9.4
  0.9.4: Recording
2017/12/20 10:56:21   Reviewing contents of christiankral/WindPowerPlants
    Processing library WindPowerPlants @ WindPowerPlants
2017/12/20 10:56:22 Processing tag v0.9.3
  0.9.3: Recording
2017/12/20 10:56:23   Reviewing contents of christiankral/WindPowerPlants
    Processing library WindPowerPlants @ WindPowerPlants
2017/12/20 10:56:24 Processing tag v0.9.2
  0.9.2: Recording
2017/12/20 10:56:24   Reviewing contents of christiankral/WindPowerPlants
    Processing library WindPowerPlants @ WindPowerPlants
2017/12/20 10:56:26 Processing tag v0.9.1
  0.9.1: Recording
2017/12/20 10:56:26   Reviewing contents of christiankral/WindPowerPlants
    Processing library WindPowerPlants @ WindPowerPlants
2017/12/20 10:56:28 Processing tag v0.9.0
  0.9.0: Recording
2017/12/20 10:56:28   Reviewing contents of christiankral/WindPowerPlants
    No Modelica libraries found in repository WindPowerPlants:0.9.0
Processing: XogenyTest (https://github.com/modelica-3rdparty/XogenyTest, fork=true)
2017/12/20 10:56:30 Source for XogenyTest exists
